./tmp/t_fir.cpp_12x12_unroll1_vector8.csv
Kernel fir.cpp initialized with arrive_period=102400, unroll_factor=1, vector_factor=8
./tmp/t_latnrm.c_12x12_unroll4_vector1.csv
Kernel latnrm.c initialized with arrive_period=102400, unroll_factor=4, vector_factor=1
./tmp/fftDtw/t_fft.c_12x12_unroll1_vector1.csv
Kernel fft.c initialized with arrive_period=102400, unroll_factor=1, vector_factor=1
./tmp/fftDtw/t_dtw.cpp_12x12_unroll1_vector8.csv
Kernel dtw.cpp initialized with arrive_period=409600, unroll_factor=1, vector_factor=8
./tmp/t_spmv.c_12x12_unroll2_vector1.csv
Kernel spmv.c initialized with arrive_period=409600, unroll_factor=2, vector_factor=1
./tmp/t_conv.c_12x12_unroll4_vector1.csv
Kernel conv.c initialized with arrive_period=2621440, unroll_factor=4, vector_factor=1
./tmp/t_mvt.c_12x12_unroll4_vector1.csv
Kernel mvt.c initialized with arrive_period=102400, unroll_factor=4, vector_factor=1
./tmp/t_gemm.c_12x12_unroll1_vector8.csv
Kernel gemm.c initialized with arrive_period=2621440, unroll_factor=1, vector_factor=8
./tmp/t_relu+histogram.c_12x12_unroll1_vector1.csv
Kernel relu+histogram.c initialized with arrive_period=81920, unroll_factor=1, vector_factor=1
./tmp/t_fir.cpp_4x4_unroll1_vector8.csv
Kernel fir.cpp initialized with arrive_period=102400, unroll_factor=1, vector_factor=8
./tmp/t_latnrm.c_4x4_unroll4_vector1.csv
Kernel latnrm.c initialized with arrive_period=102400, unroll_factor=4, vector_factor=1
./tmp/fftDtw/t_fft.c_4x4_unroll2_vector1.csv
Kernel fft.c initialized with arrive_period=102400, unroll_factor=2, vector_factor=1
./tmp/fftDtw/t_dtw.cpp_4x4_unroll1_vector8.csv
Kernel dtw.cpp initialized with arrive_period=409600, unroll_factor=1, vector_factor=8
./tmp/t_spmv.c_4x4_unroll4_vector1.csv
Kernel spmv.c initialized with arrive_period=409600, unroll_factor=4, vector_factor=1
./tmp/t_conv.c_4x4_unroll4_vector1.csv
Kernel conv.c initialized with arrive_period=2621440, unroll_factor=4, vector_factor=1
./tmp/t_mvt.c_4x4_unroll4_vector1.csv
Kernel mvt.c initialized with arrive_period=102400, unroll_factor=4, vector_factor=1
./tmp/t_gemm.c_4x4_unroll1_vector8.csv
Kernel gemm.c initialized with arrive_period=2621440, unroll_factor=1, vector_factor=8
./tmp/t_relu+histogram.c_4x4_unroll4_vector1.csv
Kernel relu+histogram.c initialized with arrive_period=81920, unroll_factor=4, vector_factor=1
{7: 1, 8: 1, 2: 1, 4: 1, 3: 1, 1: 1, 5: 1, 0: 1, 6: 1}
[91mPriority Boosting Level: 0[0m
Kernel fir.cpp base_ii=2, expandable_ii=2,               iterations=256, utilization=0.0798611, arrive_times, 1
Kernel latnrm.c base_ii=4, expandable_ii=4,               iterations=320, utilization=0.1875, arrive_times, 1
Kernel fft.c base_ii=3, expandable_ii=3,               iterations=112640, utilization=0.256944, arrive_times, 1
Kernel dtw.cpp base_ii=3, expandable_ii=3,               iterations=2048, utilization=0.175926, arrive_times, 1
Kernel spmv.c base_ii=8, expandable_ii=7,               iterations=32768, utilization=0.105903, arrive_times, 1
Kernel conv.c base_ii=8, expandable_ii=5,               iterations=163840, utilization=0.131944, arrive_times, 1
Kernel mvt.c base_ii=3, expandable_ii=2,               iterations=4096, utilization=0.513889, arrive_times, 1
Kernel gemm.c base_ii=4, expandable_ii=4,               iterations=262144, utilization=0.111111, arrive_times, 1
Kernel relu+histogram.c base_ii=2, expandable_ii=2,               iterations=262144, utilization=0.20138899999999998, arrive_times, 1
====================
Processing event at time 0: type=arrival, kernel=gemm.c
Kernel gemm.c is vectorized, limiting allocation to 1 CGRA
Calculated execution duration for gemm.c: 4194304 cycles (II=4, iterations=262144)
Allocated 1 CGRAs to gemm.c at 0. Execution will end at 4194304
====================
====================
Processing event at time 0: type=arrival, kernel=conv.c
No available CGRAs for conv.c. Added to waiting queue.
====================
====================
Processing event at time 0: type=arrival, kernel=fft.c
No available CGRAs for fft.c. Added to waiting queue.
====================
====================
Processing event at time 0: type=arrival, kernel=spmv.c
No available CGRAs for spmv.c. Added to waiting queue.
====================
====================
Processing event at time 0: type=arrival, kernel=dtw.cpp
No available CGRAs for dtw.cpp. Added to waiting queue.
====================
====================
Processing event at time 0: type=arrival, kernel=mvt.c
No available CGRAs for mvt.c. Added to waiting queue.
====================
====================
Processing event at time 0: type=arrival, kernel=relu+histogram.c
No available CGRAs for relu+histogram.c. Added to waiting queue.
====================
====================
Processing event at time 0: type=arrival, kernel=fir.cpp
No available CGRAs for fir.cpp. Added to waiting queue.
====================
====================
Processing event at time 0: type=arrival, kernel=latnrm.c
No available CGRAs for latnrm.c. Added to waiting queue.
====================
====================
Processing event at time 4194304: type=end, kernel=gemm.c
Released 1 CGRAs from gemm.c at 4194304. Latency added: 4194304 cycles
Allocating CGRAs to waiting instance conv.c
available_cgras is less than 5, limiting allocation to 1 CGRA
Calculated execution duration for conv.c: 1310720 cycles (II=8, iterations=163840)
Allocated 1 CGRAs to conv.c at 4194304. Execution will end at 5505024

=== At time 3276800, number of completed functions: 1 ===
====================
====================
Processing event at time 5505024: type=end, kernel=conv.c
Released 1 CGRAs from conv.c at 5505024. Latency added: 1310720 cycles
Allocating CGRAs to waiting instance fft.c
available_cgras is less than 5, limiting allocation to 1 CGRA
Calculated execution duration for fft.c: 337920 cycles (II=3, iterations=112640)
Allocated 1 CGRAs to fft.c at 5505024. Execution will end at 5842944
====================
====================
Processing event at time 5842944: type=end, kernel=fft.c
Released 1 CGRAs from fft.c at 5842944. Latency added: 337920 cycles
Allocating CGRAs to waiting instance spmv.c
available_cgras is less than 5, limiting allocation to 1 CGRA
Calculated execution duration for spmv.c: 262144 cycles (II=8, iterations=32768)
Allocated 1 CGRAs to spmv.c at 5842944. Execution will end at 6105088
====================
====================
Processing event at time 6105088: type=end, kernel=spmv.c
Released 1 CGRAs from spmv.c at 6105088. Latency added: 262144 cycles
Allocating CGRAs to waiting instance dtw.cpp
Kernel dtw.cpp is vectorized, limiting allocation to 1 CGRA
Calculated execution duration for dtw.cpp: 24576 cycles (II=3, iterations=2048)
Allocated 1 CGRAs to dtw.cpp at 6105088. Execution will end at 6129664
====================
====================
Processing event at time 6129664: type=end, kernel=dtw.cpp
Released 1 CGRAs from dtw.cpp at 6129664. Latency added: 24576 cycles
Allocating CGRAs to waiting instance mvt.c
available_cgras is less than 5, limiting allocation to 1 CGRA
Calculated execution duration for mvt.c: 12288 cycles (II=3, iterations=4096)
Allocated 1 CGRAs to mvt.c at 6129664. Execution will end at 6141952
====================
====================
Processing event at time 6141952: type=end, kernel=mvt.c
Released 1 CGRAs from mvt.c at 6141952. Latency added: 12288 cycles
Allocating CGRAs to waiting instance relu+histogram.c
Kernel relu+histogram.c contains '+', limiting allocation to 1 CGRA
Calculated execution duration for relu+histogram.c: 524288 cycles (II=2, iterations=262144)
Allocated 1 CGRAs to relu+histogram.c at 6141952. Execution will end at 6666240
====================
====================
Processing event at time 6666240: type=end, kernel=relu+histogram.c
Released 1 CGRAs from relu+histogram.c at 6666240. Latency added: 524288 cycles
Allocating CGRAs to waiting instance fir.cpp
Kernel fir.cpp is vectorized, limiting allocation to 1 CGRA
Calculated execution duration for fir.cpp: 2048 cycles (II=2, iterations=256)
Allocated 1 CGRAs to fir.cpp at 6666240. Execution will end at 6668288
====================
====================
Processing event at time 6668288: type=end, kernel=fir.cpp
Released 1 CGRAs from fir.cpp at 6668288. Latency added: 2048 cycles
Allocating CGRAs to waiting instance latnrm.c
available_cgras is less than 5, limiting allocation to 1 CGRA
Calculated execution duration for latnrm.c: 1280 cycles (II=4, iterations=320)
Allocated 1 CGRAs to latnrm.c at 6668288. Execution will end at 6669568
====================
====================
Processing event at time 6669568: type=end, kernel=latnrm.c
Released 1 CGRAs from latnrm.c at 6669568. Latency added: 1280 cycles
====================
Total idle duration is 0, total_cgra_runtime is 870190.9209088001
Simulation completed. Kernel latencies: {'fir.cpp': 2048, 'latnrm.c': 1280, 'fft.c': 337920, 'dtw.cpp': 24576, 'spmv.c': 262144, 'conv.c': 1310720, 'mvt.c': 12288, 'gemm.c': 4194304, 'relu+histogram.c': 524288}
Kernel execution_ratio: {'fir.cpp': 0.0003071253071253071, 'latnrm.c': 0.00019191647794879668, 'fft.c': 0.05783385909568875, 'dtw.cpp': 0.004009355162044771, 'spmv.c': 0.04293861120429386, 'conv.c': 0.23809523809523808, 'mvt.c': 0.0020006668889629878, 'gemm.c': 1.0, 'relu+histogram.c': 0.07864823348694316}
Kernel execution duration distributions: {'fir.cpp': [2048], 'latnrm.c': [1280], 'fft.c': [337920], 'dtw.cpp': [24576], 'spmv.c': [262144], 'conv.c': [1310720], 'mvt.c': [12288], 'gemm.c': [4194304], 'relu+histogram.c': [524288]}
Kernel Runned List: ['gemm.c', 'conv.c', 'fft.c', 'spmv.c', 'dtw.cpp', 'mvt.c', 'relu+histogram.c', 'fir.cpp', 'latnrm.c']
CGRA utilization: 0.1304718567842475
overall latency: 6669568
overall execution: 6669568
overall waiting_time_nolap: 6669568
{7: 1, 8: 1, 2: 1, 4: 1, 3: 1, 1: 1, 5: 1, 0: 1, 6: 1}
[91mPriority Boosting Level: 0[0m
Kernel fir.cpp base_ii=2, expandable_ii=2,               iterations=256, utilization=0.5, arrive_times, 1
Kernel latnrm.c base_ii=4, expandable_ii=4,               iterations=320, utilization=0.859375, arrive_times, 1
Kernel fft.c base_ii=7, expandable_ii=4,               iterations=56320, utilization=0.9801000000000001, arrive_times, 1
Kernel dtw.cpp base_ii=3, expandable_ii=3,               iterations=2048, utilization=0.9375, arrive_times, 1
Kernel spmv.c base_ii=13, expandable_ii=13,               iterations=16384, utilization=0.793269, arrive_times, 1
Kernel conv.c base_ii=6, expandable_ii=5,               iterations=163840, utilization=0.854167, arrive_times, 1
Kernel mvt.c base_ii=9, expandable_ii=5,               iterations=4096, utilization=0.8819450000000001, arrive_times, 1
Kernel gemm.c base_ii=2, expandable_ii=2,               iterations=262144, utilization=0.6875, arrive_times, 1
Kernel relu+histogram.c base_ii=7, expandable_ii=4,               iterations=65536, utilization=0.982143, arrive_times, 1
====================
Processing event at time 0: type=arrival, kernel=gemm.c
Kernel gemm.c is vectorized, limiting allocation to 1 CGRA
Calculated execution duration for gemm.c: 2097152 cycles (II=2, iterations=262144)
Allocated 1 CGRAs to gemm.c at 0. Execution will end at 2097152
====================
====================
Processing event at time 0: type=arrival, kernel=conv.c
Calculated execution duration for conv.c: 819200 cycles (II=5, iterations=163840)
Allocated 2 CGRAs to conv.c at 0. Execution will end at 819200
====================
====================
Processing event at time 0: type=arrival, kernel=fft.c
Calculated execution duration for fft.c: 225280 cycles (II=4, iterations=56320)
Allocated 2 CGRAs to fft.c at 0. Execution will end at 225280
====================
====================
Processing event at time 0: type=arrival, kernel=spmv.c
available_cgras is less than 5, limiting allocation to 1 CGRA
Calculated execution duration for spmv.c: 212992 cycles (II=13, iterations=16384)
Allocated 1 CGRAs to spmv.c at 0. Execution will end at 212992
====================
====================
Processing event at time 0: type=arrival, kernel=dtw.cpp
Kernel dtw.cpp is vectorized, limiting allocation to 1 CGRA
Calculated execution duration for dtw.cpp: 24576 cycles (II=3, iterations=2048)
Allocated 1 CGRAs to dtw.cpp at 0. Execution will end at 24576
====================
====================
Processing event at time 0: type=arrival, kernel=mvt.c
available_cgras is less than 5, limiting allocation to 1 CGRA
Calculated execution duration for mvt.c: 36864 cycles (II=9, iterations=4096)
Allocated 1 CGRAs to mvt.c at 0. Execution will end at 36864
====================
====================
Processing event at time 0: type=arrival, kernel=relu+histogram.c
Kernel relu+histogram.c contains '+', limiting allocation to 1 CGRA
Calculated execution duration for relu+histogram.c: 458752 cycles (II=7, iterations=65536)
Allocated 1 CGRAs to relu+histogram.c at 0. Execution will end at 458752
====================
====================
Processing event at time 0: type=arrival, kernel=fir.cpp
No available CGRAs for fir.cpp. Added to waiting queue.
====================
====================
Processing event at time 0: type=arrival, kernel=latnrm.c
No available CGRAs for latnrm.c. Added to waiting queue.
====================
====================
Processing event at time 24576: type=end, kernel=dtw.cpp
Released 1 CGRAs from dtw.cpp at 24576. Latency added: 24576 cycles
Allocating CGRAs to waiting instance fir.cpp
Kernel fir.cpp is vectorized, limiting allocation to 1 CGRA
Calculated execution duration for fir.cpp: 2048 cycles (II=2, iterations=256)
Allocated 1 CGRAs to fir.cpp at 24576. Execution will end at 26624
====================
====================
Processing event at time 26624: type=end, kernel=fir.cpp
Released 1 CGRAs from fir.cpp at 26624. Latency added: 2048 cycles
Allocating CGRAs to waiting instance latnrm.c
available_cgras is less than 5, limiting allocation to 1 CGRA
Calculated execution duration for latnrm.c: 1280 cycles (II=4, iterations=320)
Allocated 1 CGRAs to latnrm.c at 26624. Execution will end at 27904
====================
====================
Processing event at time 27904: type=end, kernel=latnrm.c
Released 1 CGRAs from latnrm.c at 27904. Latency added: 1280 cycles
====================
====================
Processing event at time 36864: type=end, kernel=mvt.c
Released 1 CGRAs from mvt.c at 36864. Latency added: 36864 cycles
====================
====================
Processing event at time 212992: type=end, kernel=spmv.c
Released 1 CGRAs from spmv.c at 212992. Latency added: 212992 cycles
====================
====================
Processing event at time 225280: type=end, kernel=fft.c
Released 2 CGRAs from fft.c at 225280. Latency added: 225280 cycles
====================
====================
Processing event at time 458752: type=end, kernel=relu+histogram.c
Released 1 CGRAs from relu+histogram.c at 458752. Latency added: 458752 cycles
====================
====================
Processing event at time 819200: type=end, kernel=conv.c
Released 2 CGRAs from conv.c at 819200. Latency added: 819200 cycles
====================
====================
Processing event at time 2097152: type=end, kernel=gemm.c
Released 1 CGRAs from gemm.c at 2097152. Latency added: 2097152 cycles
====================

=== Simulation ended before 3276800, number of completed functions: 9
Total idle duration is 0, total_cgra_runtime is 4922624
Simulation completed. Kernel latencies: {'fir.cpp': 2048, 'latnrm.c': 1280, 'fft.c': 225280, 'dtw.cpp': 24576, 'spmv.c': 212992, 'conv.c': 819200, 'mvt.c': 36864, 'gemm.c': 2097152, 'relu+histogram.c': 458752}
Kernel execution_ratio: {'fir.cpp': 0.07692307692307693, 'latnrm.c': 0.045871559633027525, 'fft.c': 1.0, 'dtw.cpp': 1.0, 'spmv.c': 1.0, 'conv.c': 1.0, 'mvt.c': 1.0, 'gemm.c': 1.0, 'relu+histogram.c': 1.0}
Kernel execution duration distributions: {'fir.cpp': [2048], 'latnrm.c': [1280], 'fft.c': [225280], 'dtw.cpp': [24576], 'spmv.c': [212992], 'conv.c': [819200], 'mvt.c': [36864], 'gemm.c': [2097152], 'relu+histogram.c': [458752]}
Kernel Runned List: ['gemm.c', 'conv.c', 'fft.c', 'spmv.c', 'dtw.cpp', 'mvt.c', 'relu+histogram.c', 'fir.cpp', 'latnrm.c']
CGRA utilization: 0.2608100043402778
overall latency: 2097152
overall execution: 3878144
overall waiting_time_nolap: 27904
{7: 1, 8: 1, 2: 1, 4: 1, 3: 1, 1: 1, 5: 1, 0: 1, 6: 1}
[91mPriority Boosting Level: 1[0m
Kernel fir.cpp base_ii=2, expandable_ii=2,               iterations=256, utilization=0.5, arrive_times, 1
Kernel latnrm.c base_ii=4, expandable_ii=4,               iterations=320, utilization=0.859375, arrive_times, 1
Kernel fft.c base_ii=7, expandable_ii=4,               iterations=56320, utilization=0.9801000000000001, arrive_times, 1
Kernel dtw.cpp base_ii=3, expandable_ii=3,               iterations=2048, utilization=0.9375, arrive_times, 1
Kernel spmv.c base_ii=13, expandable_ii=13,               iterations=16384, utilization=0.793269, arrive_times, 1
Kernel conv.c base_ii=6, expandable_ii=5,               iterations=163840, utilization=0.854167, arrive_times, 1
Kernel mvt.c base_ii=9, expandable_ii=5,               iterations=4096, utilization=0.8819450000000001, arrive_times, 1
Kernel gemm.c base_ii=2, expandable_ii=2,               iterations=262144, utilization=0.6875, arrive_times, 1
Kernel relu+histogram.c base_ii=7, expandable_ii=4,               iterations=65536, utilization=0.982143, arrive_times, 1
====================
Processing event at time 0: type=arrival, kernel=gemm.c
Calculated execution duration for gemm.c: 2097152 cycles (II=2, iterations=262144)
Allocated 1 CGRAs to gemm.c at 0. Execution will end at 2097152
====================
====================
Processing event at time 0: type=arrival, kernel=conv.c
Calculated execution duration for conv.c: 983040 cycles (II=6, iterations=163840)
Allocated 1 CGRAs to conv.c at 0. Execution will end at 983040
current_time 0, completed_iters 0
remaining_iters 163840, remaining_execution_duration 819200
Re-allocated succeed. conv.c. Add 1 CGRAs at 0. Old end time: 983040. New end time: 819200
====================
====================
Processing event at time 0: type=arrival, kernel=fft.c
Calculated execution duration for fft.c: 394240 cycles (II=7, iterations=56320)
Allocated 1 CGRAs to fft.c at 0. Execution will end at 394240
current_time 0, completed_iters 0
remaining_iters 56320, remaining_execution_duration 225280
Re-allocated succeed. fft.c. Add 1 CGRAs at 0. Old end time: 394240. New end time: 225280
====================
====================
Processing event at time 0: type=arrival, kernel=spmv.c
Calculated execution duration for spmv.c: 212992 cycles (II=13, iterations=16384)
Allocated 1 CGRAs to spmv.c at 0. Execution will end at 212992
current_time 0, completed_iters 0
remaining_iters 16384, remaining_execution_duration 212992
Re-allocated succeed. spmv.c. Add 1 CGRAs at 0. Old end time: 212992. New end time: 212992
====================
====================
Processing event at time 0: type=arrival, kernel=dtw.cpp
Calculated execution duration for dtw.cpp: 24576 cycles (II=3, iterations=2048)
Allocated 1 CGRAs to dtw.cpp at 0. Execution will end at 24576
====================
====================
Processing event at time 0: type=arrival, kernel=mvt.c
Calculated execution duration for mvt.c: 36864 cycles (II=9, iterations=4096)
Allocated 1 CGRAs to mvt.c at 0. Execution will end at 36864
Re-allocated Failed. (mvt.c at time 0)
====================
====================
Processing event at time 0: type=arrival, kernel=relu+histogram.c
No available CGRAs for relu+histogram.c. Added to waiting queue.
====================
====================
Processing event at time 0: type=arrival, kernel=fir.cpp
No available CGRAs for fir.cpp. Added to waiting queue.
====================
====================
Processing event at time 0: type=arrival, kernel=latnrm.c
No available CGRAs for latnrm.c. Added to waiting queue.
====================
====================
Processing event at time 24576: type=end, kernel=dtw.cpp
Released 1 CGRAs from dtw.cpp at 24576. Latency added: 24576 cycles
Allocating CGRAs to waiting instance relu+histogram.c
Calculated execution duration for relu+histogram.c: 458752 cycles (II=7, iterations=65536)
Allocated 1 CGRAs to relu+histogram.c at 24576. Execution will end at 483328
Re-allocated Failed. (mvt.c at time 24576)
====================
====================
Processing event at time 36864: type=end, kernel=mvt.c
Released 1 CGRAs from mvt.c at 36864. Latency added: 36864 cycles
Allocating CGRAs to waiting instance fir.cpp
Calculated execution duration for fir.cpp: 2048 cycles (II=2, iterations=256)
Allocated 1 CGRAs to fir.cpp at 36864. Execution will end at 38912
====================
====================
Processing event at time 38912: type=end, kernel=fir.cpp
Released 1 CGRAs from fir.cpp at 38912. Latency added: 2048 cycles
Allocating CGRAs to waiting instance latnrm.c
Calculated execution duration for latnrm.c: 1280 cycles (II=4, iterations=320)
Allocated 1 CGRAs to latnrm.c at 38912. Execution will end at 40192
Re-allocated Failed. (latnrm.c at time 38912)
Re-allocated Failed. (latnrm.c at time 38912)
====================
====================
Processing event at time 40192: type=end, kernel=latnrm.c
Released 1 CGRAs from latnrm.c at 40192. Latency added: 1280 cycles
====================
Skipping invalid event for spmv.c
====================
Processing event at time 212992: type=end, kernel=spmv.c
Released 2 CGRAs from spmv.c at 212992. Latency added: 212992 cycles
====================
====================
Processing event at time 225280: type=end, kernel=fft.c
Released 2 CGRAs from fft.c at 225280. Latency added: 225280 cycles
====================
Skipping invalid event for fft.c
====================
Processing event at time 483328: type=end, kernel=relu+histogram.c
Released 1 CGRAs from relu+histogram.c at 483328. Latency added: 458752 cycles
====================
====================
Processing event at time 819200: type=end, kernel=conv.c
Released 2 CGRAs from conv.c at 819200. Latency added: 819200 cycles
====================
Skipping invalid event for conv.c
====================
Processing event at time 2097152: type=end, kernel=gemm.c
Released 1 CGRAs from gemm.c at 2097152. Latency added: 2097152 cycles
====================

=== Simulation ended before 3276800, number of completed functions: 9
Total idle duration is 0, total_cgra_runtime is 5135616.0
Simulation completed. Kernel latencies: {'fir.cpp': 2048, 'latnrm.c': 1280, 'fft.c': 225280, 'dtw.cpp': 24576, 'spmv.c': 212992, 'conv.c': 819200, 'mvt.c': 36864, 'gemm.c': 2097152, 'relu+histogram.c': 458752}
Kernel execution_ratio: {'fir.cpp': 0.05263157894736842, 'latnrm.c': 0.03184713375796178, 'fft.c': 1.0, 'dtw.cpp': 1.0, 'spmv.c': 1.0, 'conv.c': 1.0, 'mvt.c': 1.0, 'gemm.c': 1.0, 'relu+histogram.c': 0.9491525423728814}
Kernel execution duration distributions: {'fir.cpp': [2048], 'latnrm.c': [1280], 'fft.c': [225280], 'dtw.cpp': [24576], 'spmv.c': [212992], 'conv.c': [819200], 'mvt.c': [36864], 'gemm.c': [2097152], 'relu+histogram.c': [458752]}
Kernel Runned List: ['gemm.c', 'conv.c', 'fft.c', 'spmv.c', 'dtw.cpp', 'mvt.c', 'relu+histogram.c', 'fir.cpp', 'latnrm.c']
CGRA utilization: 0.2720947265625
overall latency: 2097152
overall execution: 3878144
overall waiting_time_nolap: 40192
{7: 1, 8: 1, 2: 1, 4: 1, 3: 1, 1: 1, 5: 1, 0: 1, 6: 1}
[91mPriority Boosting Level: 2[0m
Kernel fir.cpp base_ii=2, expandable_ii=2,               iterations=256, utilization=0.5, arrive_times, 1
Kernel latnrm.c base_ii=4, expandable_ii=4,               iterations=320, utilization=0.859375, arrive_times, 1
Kernel fft.c base_ii=7, expandable_ii=4,               iterations=56320, utilization=0.9801000000000001, arrive_times, 1
Kernel dtw.cpp base_ii=3, expandable_ii=3,               iterations=2048, utilization=0.9375, arrive_times, 1
Kernel spmv.c base_ii=13, expandable_ii=13,               iterations=16384, utilization=0.793269, arrive_times, 1
Kernel conv.c base_ii=6, expandable_ii=5,               iterations=163840, utilization=0.854167, arrive_times, 1
Kernel mvt.c base_ii=9, expandable_ii=5,               iterations=4096, utilization=0.8819450000000001, arrive_times, 1
Kernel gemm.c base_ii=2, expandable_ii=2,               iterations=262144, utilization=0.6875, arrive_times, 1
Kernel relu+histogram.c base_ii=7, expandable_ii=4,               iterations=65536, utilization=0.982143, arrive_times, 1
====================
Processing event at time 0: type=arrival, kernel=gemm.c
Calculated execution duration for gemm.c: 2097152 cycles (II=2, iterations=262144)
Allocated 1 CGRAs to gemm.c at 0. Execution will end at 2097152
====================
====================
Processing event at time 0: type=arrival, kernel=conv.c
Calculated execution duration for conv.c: 983040 cycles (II=6, iterations=163840)
Allocated 1 CGRAs to conv.c at 0. Execution will end at 983040
current_time 0, completed_iters 0
remaining_iters 163840, remaining_execution_duration 819200
Re-allocated succeed. conv.c. Add 1 CGRAs at 0. Old end time: 983040. New end time: 819200
====================
====================
Processing event at time 0: type=arrival, kernel=fft.c
Calculated execution duration for fft.c: 394240 cycles (II=7, iterations=56320)
Allocated 1 CGRAs to fft.c at 0. Execution will end at 394240
current_time 0, completed_iters 0
remaining_iters 56320, remaining_execution_duration 225280
Re-allocated succeed. fft.c. Add 1 CGRAs at 0. Old end time: 394240. New end time: 225280
====================
====================
Processing event at time 0: type=arrival, kernel=spmv.c
Calculated execution duration for spmv.c: 212992 cycles (II=13, iterations=16384)
Allocated 1 CGRAs to spmv.c at 0. Execution will end at 212992
current_time 0, completed_iters 0
remaining_iters 16384, remaining_execution_duration 212992
Re-allocated succeed. spmv.c. Add 1 CGRAs at 0. Old end time: 212992. New end time: 212992
====================
====================
Processing event at time 0: type=arrival, kernel=dtw.cpp
Calculated execution duration for dtw.cpp: 24576 cycles (II=3, iterations=2048)
Allocated 1 CGRAs to dtw.cpp at 0. Execution will end at 24576
====================
====================
Processing event at time 0: type=arrival, kernel=mvt.c
Calculated execution duration for mvt.c: 36864 cycles (II=9, iterations=4096)
Allocated 1 CGRAs to mvt.c at 0. Execution will end at 36864
Re-allocated Failed. (mvt.c at time 0)
====================
====================
Processing event at time 0: type=arrival, kernel=relu+histogram.c
No available CGRAs for relu+histogram.c. Added to waiting queue.
====================
====================
Processing event at time 0: type=arrival, kernel=fir.cpp
No available CGRAs for fir.cpp. Added to waiting queue.
====================
====================
Processing event at time 0: type=arrival, kernel=latnrm.c
No available CGRAs for latnrm.c. Added to waiting queue.
====================
====================
Processing event at time 24576: type=end, kernel=dtw.cpp
Released 1 CGRAs from dtw.cpp at 24576. Latency added: 24576 cycles
Allocating CGRAs to waiting instance relu+histogram.c
Calculated execution duration for relu+histogram.c: 458752 cycles (II=7, iterations=65536)
Allocated 1 CGRAs to relu+histogram.c at 24576. Execution will end at 483328
Re-allocated Failed. (relu+histogram.c at time 24576)
Re-allocated Failed. (mvt.c at time 24576)
Re-allocated Failed. (relu+histogram.c at time 24576)
====================
====================
Processing event at time 36864: type=end, kernel=mvt.c
Released 1 CGRAs from mvt.c at 36864. Latency added: 36864 cycles
Allocating CGRAs to waiting instance fir.cpp
Calculated execution duration for fir.cpp: 2048 cycles (II=2, iterations=256)
Allocated 1 CGRAs to fir.cpp at 36864. Execution will end at 38912
Re-allocated Failed. (relu+histogram.c at time 36864)
====================
====================
Processing event at time 38912: type=end, kernel=fir.cpp
Released 1 CGRAs from fir.cpp at 38912. Latency added: 2048 cycles
Allocating CGRAs to waiting instance latnrm.c
Calculated execution duration for latnrm.c: 1280 cycles (II=4, iterations=320)
Allocated 1 CGRAs to latnrm.c at 38912. Execution will end at 40192
Re-allocated Failed. (latnrm.c at time 38912)
Re-allocated Failed. (relu+histogram.c at time 38912)
Re-allocated Failed. (latnrm.c at time 38912)
====================
====================
Processing event at time 40192: type=end, kernel=latnrm.c
Released 1 CGRAs from latnrm.c at 40192. Latency added: 1280 cycles
current_time 40192, completed_iters 2230
remaining_iters 63306, remaining_execution_duration 253224
Re-allocated succeed. relu+histogram.c. Add 1 CGRAs at 40192. Old end time: 483328. New end time: 293416
====================
Skipping invalid event for spmv.c
====================
Processing event at time 212992: type=end, kernel=spmv.c
Released 2 CGRAs from spmv.c at 212992. Latency added: 212992 cycles
====================
====================
Processing event at time 225280: type=end, kernel=fft.c
Released 2 CGRAs from fft.c at 225280. Latency added: 225280 cycles
====================
====================
Processing event at time 293416: type=end, kernel=relu+histogram.c
Released 2 CGRAs from relu+histogram.c at 293416. Latency added: 268840 cycles
====================
Skipping invalid event for fft.c
Skipping invalid event for relu+histogram.c
====================
Processing event at time 819200: type=end, kernel=conv.c
Released 2 CGRAs from conv.c at 819200. Latency added: 819200 cycles
====================
Skipping invalid event for conv.c
====================
Processing event at time 2097152: type=end, kernel=gemm.c
Released 1 CGRAs from gemm.c at 2097152. Latency added: 2097152 cycles
====================

=== Simulation ended before 3276800, number of completed functions: 9
Total idle duration is 0, total_cgra_runtime is 5198928.0
Simulation completed. Kernel latencies: {'fir.cpp': 2048, 'latnrm.c': 1280, 'fft.c': 225280, 'dtw.cpp': 24576, 'spmv.c': 212992, 'conv.c': 819200, 'mvt.c': 36864, 'gemm.c': 2097152, 'relu+histogram.c': 268840}
Kernel execution_ratio: {'fir.cpp': 0.05263157894736842, 'latnrm.c': 0.03184713375796178, 'fft.c': 1.0, 'dtw.cpp': 1.0, 'spmv.c': 1.0, 'conv.c': 1.0, 'mvt.c': 1.0, 'gemm.c': 1.0, 'relu+histogram.c': 0.9162417864056493}
Kernel execution duration distributions: {'fir.cpp': [2048], 'latnrm.c': [1280], 'fft.c': [225280], 'dtw.cpp': [24576], 'spmv.c': [212992], 'conv.c': [819200], 'mvt.c': [36864], 'gemm.c': [2097152], 'relu+histogram.c': [268840]}
Kernel Runned List: ['gemm.c', 'conv.c', 'fft.c', 'spmv.c', 'dtw.cpp', 'mvt.c', 'relu+histogram.c', 'fir.cpp', 'latnrm.c']
CGRA utilization: 0.27544911702473956
overall latency: 2097152
overall execution: 3688232
overall waiting_time_nolap: 40192
{7: 1, 8: 1, 2: 1, 4: 1, 3: 1, 1: 1, 5: 1, 0: 1, 6: 1}
[91mPriority Boosting Level: 3[0m
Kernel fir.cpp base_ii=2, expandable_ii=2,               iterations=256, utilization=0.5, arrive_times, 1
Kernel latnrm.c base_ii=4, expandable_ii=4,               iterations=320, utilization=0.859375, arrive_times, 1
Kernel fft.c base_ii=7, expandable_ii=4,               iterations=56320, utilization=0.9801000000000001, arrive_times, 1
Kernel dtw.cpp base_ii=3, expandable_ii=3,               iterations=2048, utilization=0.9375, arrive_times, 1
Kernel spmv.c base_ii=13, expandable_ii=13,               iterations=16384, utilization=0.793269, arrive_times, 1
Kernel conv.c base_ii=6, expandable_ii=5,               iterations=163840, utilization=0.854167, arrive_times, 1
Kernel mvt.c base_ii=9, expandable_ii=5,               iterations=4096, utilization=0.8819450000000001, arrive_times, 1
Kernel gemm.c base_ii=2, expandable_ii=2,               iterations=262144, utilization=0.6875, arrive_times, 1
Kernel relu+histogram.c base_ii=7, expandable_ii=4,               iterations=65536, utilization=0.982143, arrive_times, 1
====================
Processing event at time 0: type=arrival, kernel=gemm.c
Calculated execution duration for gemm.c: 2097152 cycles (II=2, iterations=262144)
Allocated 1 CGRAs to gemm.c at 0. Execution will end at 2097152
current_time 0, completed_iters 0
remaining_iters 262144, remaining_execution_duration 524288
Re-allocated succeed. gemm.c. Add 3 CGRAs at 0. Old end time: 2097152. New end time: 524288
====================
====================
Processing event at time 0: type=arrival, kernel=conv.c
Calculated execution duration for conv.c: 983040 cycles (II=6, iterations=163840)
Allocated 1 CGRAs to conv.c at 0. Execution will end at 983040
current_time 0, completed_iters 0
remaining_iters 163840, remaining_execution_duration 819200
Re-allocated succeed. conv.c. Add 1 CGRAs at 0. Old end time: 983040. New end time: 819200
====================
====================
Processing event at time 0: type=arrival, kernel=fft.c
Calculated execution duration for fft.c: 394240 cycles (II=7, iterations=56320)
Allocated 1 CGRAs to fft.c at 0. Execution will end at 394240
current_time 0, completed_iters 0
remaining_iters 56320, remaining_execution_duration 225280
Re-allocated succeed. fft.c. Add 1 CGRAs at 0. Old end time: 394240. New end time: 225280
====================
====================
Processing event at time 0: type=arrival, kernel=spmv.c
Calculated execution duration for spmv.c: 212992 cycles (II=13, iterations=16384)
Allocated 1 CGRAs to spmv.c at 0. Execution will end at 212992
Re-allocated Failed. (spmv.c at time 0)
====================
====================
Processing event at time 0: type=arrival, kernel=dtw.cpp
No available CGRAs for dtw.cpp. Added to waiting queue.
====================
====================
Processing event at time 0: type=arrival, kernel=mvt.c
No available CGRAs for mvt.c. Added to waiting queue.
====================
====================
Processing event at time 0: type=arrival, kernel=relu+histogram.c
No available CGRAs for relu+histogram.c. Added to waiting queue.
====================
====================
Processing event at time 0: type=arrival, kernel=fir.cpp
No available CGRAs for fir.cpp. Added to waiting queue.
====================
====================
Processing event at time 0: type=arrival, kernel=latnrm.c
No available CGRAs for latnrm.c. Added to waiting queue.
====================
====================
Processing event at time 212992: type=end, kernel=spmv.c
Released 1 CGRAs from spmv.c at 212992. Latency added: 212992 cycles
Allocating CGRAs to waiting instance dtw.cpp
Calculated execution duration for dtw.cpp: 24576 cycles (II=3, iterations=2048)
Allocated 1 CGRAs to dtw.cpp at 212992. Execution will end at 237568
Re-allocated Failed. (dtw.cpp at time 212992)
Re-allocated Failed. (dtw.cpp at time 212992)
====================
====================
Processing event at time 225280: type=end, kernel=fft.c
Released 2 CGRAs from fft.c at 225280. Latency added: 225280 cycles
Allocating CGRAs to waiting instance mvt.c
Calculated execution duration for mvt.c: 36864 cycles (II=9, iterations=4096)
Allocated 1 CGRAs to mvt.c at 225280. Execution will end at 262144
current_time 225280, completed_iters 0
remaining_iters 4096, remaining_execution_duration 20480
Re-allocated succeed. mvt.c. Add 1 CGRAs at 225280. Old end time: 262144. New end time: 245760
Re-allocated Failed. (dtw.cpp at time 225280)
====================
====================
Processing event at time 237568: type=end, kernel=dtw.cpp
Released 1 CGRAs from dtw.cpp at 237568. Latency added: 24576 cycles
Allocating CGRAs to waiting instance relu+histogram.c
Calculated execution duration for relu+histogram.c: 458752 cycles (II=7, iterations=65536)
Allocated 1 CGRAs to relu+histogram.c at 237568. Execution will end at 696320
Re-allocated Failed. (relu+histogram.c at time 237568)
Re-allocated Failed. (relu+histogram.c at time 237568)
====================
====================
Processing event at time 245760: type=end, kernel=mvt.c
Released 2 CGRAs from mvt.c at 245760. Latency added: 20480 cycles
Allocating CGRAs to waiting instance fir.cpp
Calculated execution duration for fir.cpp: 2048 cycles (II=2, iterations=256)
Allocated 1 CGRAs to fir.cpp at 245760. Execution will end at 247808
current_time 245760, completed_iters 0
remaining_iters 256, remaining_execution_duration 1024
Re-allocated succeed. fir.cpp. Add 1 CGRAs at 245760. Old end time: 247808. New end time: 246784
Re-allocated Failed. (relu+histogram.c at time 245760)
====================
====================
Processing event at time 246784: type=end, kernel=fir.cpp
Released 2 CGRAs from fir.cpp at 246784. Latency added: 1024 cycles
Allocating CGRAs to waiting instance latnrm.c
Calculated execution duration for latnrm.c: 1280 cycles (II=4, iterations=320)
Allocated 1 CGRAs to latnrm.c at 246784. Execution will end at 248064
current_time 246784, completed_iters 0
remaining_iters 320, remaining_execution_duration 1280
Re-allocated succeed. latnrm.c. Add 1 CGRAs at 246784. Old end time: 248064. New end time: 248064
Re-allocated Failed. (relu+histogram.c at time 246784)
====================
Skipping invalid event for fir.cpp
Skipping invalid event for latnrm.c
====================
Processing event at time 248064: type=end, kernel=latnrm.c
Released 2 CGRAs from latnrm.c at 248064. Latency added: 1280 cycles
current_time 248064, completed_iters 1499
remaining_iters 64037, remaining_execution_duration 256148
Re-allocated succeed. relu+histogram.c. Add 1 CGRAs at 248064. Old end time: 696320. New end time: 504212
====================
Skipping invalid event for mvt.c
Skipping invalid event for fft.c
====================
Processing event at time 504212: type=end, kernel=relu+histogram.c
Released 2 CGRAs from relu+histogram.c at 504212. Latency added: 266644 cycles
====================
====================
Processing event at time 524288: type=end, kernel=gemm.c
Released 4 CGRAs from gemm.c at 524288. Latency added: 524288 cycles
====================
Skipping invalid event for relu+histogram.c
====================
Processing event at time 819200: type=end, kernel=conv.c
Released 2 CGRAs from conv.c at 819200. Latency added: 819200 cycles
====================
Skipping invalid event for conv.c
Skipping invalid event for gemm.c

=== Simulation ended before 3276800, number of completed functions: 9
Total idle duration is 0, total_cgra_runtime is 4992040.0
Simulation completed. Kernel latencies: {'fir.cpp': 1024, 'latnrm.c': 1280, 'fft.c': 225280, 'dtw.cpp': 24576, 'spmv.c': 212992, 'conv.c': 819200, 'mvt.c': 20480, 'gemm.c': 524288, 'relu+histogram.c': 266644}
Kernel execution_ratio: {'fir.cpp': 0.004149377593360996, 'latnrm.c': 0.005159958720330237, 'fft.c': 1.0, 'dtw.cpp': 0.10344827586206896, 'spmv.c': 1.0, 'conv.c': 1.0, 'mvt.c': 0.08333333333333333, 'gemm.c': 1.0, 'relu+histogram.c': 0.5288331098823511}
Kernel execution duration distributions: {'fir.cpp': [1024], 'latnrm.c': [1280], 'fft.c': [225280], 'dtw.cpp': [24576], 'spmv.c': [212992], 'conv.c': [819200], 'mvt.c': [20480], 'gemm.c': [524288], 'relu+histogram.c': [266644]}
Kernel Runned List: ['gemm.c', 'conv.c', 'fft.c', 'spmv.c', 'dtw.cpp', 'mvt.c', 'relu+histogram.c', 'fir.cpp', 'latnrm.c']
CGRA utilization: 0.6770887586805555
overall latency: 819200
overall execution: 2095764
overall waiting_time_nolap: 248064
