./tmp/t_fir.cpp_12x12_unroll1_vector16.csv
Kernel fir.cpp initialized with arrive_period=327680, unroll_factor=1, vector_factor=16
./tmp/t_latnrm.c_12x12_unroll4_vector1.csv
Kernel latnrm.c initialized with arrive_period=327680, unroll_factor=4, vector_factor=1
./tmp/fftDtw/t_fft.c_12x12_unroll1_vector16.csv
Kernel fft.c initialized with arrive_period=327680, unroll_factor=1, vector_factor=16
./tmp/fftDtw/t_dtw.cpp_12x12_unroll1_vector16.csv
Kernel dtw.cpp initialized with arrive_period=819200, unroll_factor=1, vector_factor=16
./tmp/t_spmv.c_12x12_unroll2_vector1.csv
Kernel spmv.c initialized with arrive_period=819200, unroll_factor=2, vector_factor=1
./tmp/t_conv.c_12x12_unroll4_vector1.csv
Kernel conv.c initialized with arrive_period=6553600, unroll_factor=4, vector_factor=1
./tmp/t_mvt.c_12x12_unroll4_vector1.csv
Kernel mvt.c initialized with arrive_period=204800, unroll_factor=4, vector_factor=1
./tmp/t_gemm.c_12x12_unroll1_vector16.csv
Kernel gemm.c initialized with arrive_period=5242880, unroll_factor=1, vector_factor=16
./tmp/t_relu+histogram.c_12x12_unroll1_vector1.csv
Kernel relu+histogram.c initialized with arrive_period=204800, unroll_factor=1, vector_factor=1
./tmp/t_fir.cpp_4x4_unroll1_vector16.csv
Kernel fir.cpp initialized with arrive_period=327680, unroll_factor=1, vector_factor=16
./tmp/t_latnrm.c_4x4_unroll4_vector1.csv
Kernel latnrm.c initialized with arrive_period=327680, unroll_factor=4, vector_factor=1
./tmp/fftDtw/t_fft.c_4x4_unroll1_vector16.csv
Kernel fft.c initialized with arrive_period=327680, unroll_factor=1, vector_factor=16
./tmp/fftDtw/t_dtw.cpp_4x4_unroll1_vector16.csv
Kernel dtw.cpp initialized with arrive_period=819200, unroll_factor=1, vector_factor=16
./tmp/t_spmv.c_4x4_unroll4_vector1.csv
Kernel spmv.c initialized with arrive_period=819200, unroll_factor=4, vector_factor=1
./tmp/t_conv.c_4x4_unroll4_vector1.csv
Kernel conv.c initialized with arrive_period=6553600, unroll_factor=4, vector_factor=1
./tmp/t_mvt.c_4x4_unroll4_vector1.csv
Kernel mvt.c initialized with arrive_period=204800, unroll_factor=4, vector_factor=1
./tmp/t_gemm.c_4x4_unroll1_vector16.csv
Kernel gemm.c initialized with arrive_period=5242880, unroll_factor=1, vector_factor=16
./tmp/t_relu+histogram.c_4x4_unroll4_vector1.csv
Kernel relu+histogram.c initialized with arrive_period=204800, unroll_factor=4, vector_factor=1
{7: 1, 8: 1, 2: 1, 4: 1, 3: 1, 1: 1, 5: 1, 0: 1, 6: 1}
[91mPriority Boosting Level: 0[0m
Kernel fir.cpp base_ii=2, expandable_ii=2,               iterations=128, utilization=0.0798611, arrive_times, 1
Kernel latnrm.c base_ii=4, expandable_ii=4,               iterations=320, utilization=0.1875, arrive_times, 1
Kernel fft.c base_ii=3, expandable_ii=3,               iterations=7040, utilization=0.256944, arrive_times, 1
Kernel dtw.cpp base_ii=3, expandable_ii=3,               iterations=1024, utilization=0.175926, arrive_times, 1
Kernel spmv.c base_ii=8, expandable_ii=7,               iterations=32768, utilization=0.105903, arrive_times, 1
Kernel conv.c base_ii=8, expandable_ii=5,               iterations=163840, utilization=0.131944, arrive_times, 1
Kernel mvt.c base_ii=3, expandable_ii=2,               iterations=4096, utilization=0.513889, arrive_times, 1
Kernel gemm.c base_ii=4, expandable_ii=4,               iterations=131072, utilization=0.111111, arrive_times, 1
Kernel relu+histogram.c base_ii=2, expandable_ii=2,               iterations=262144, utilization=0.20138899999999998, arrive_times, 1
====================
Processing event at time 0: type=arrival, kernel=gemm.c
Kernel gemm.c is vectorized, limiting allocation to 1 CGRA
Calculated execution duration for gemm.c: 4194304 cycles (II=4, iterations=131072)
Allocated 1 CGRAs to gemm.c at 0. Execution will end at 4194304
====================
====================
Processing event at time 0: type=arrival, kernel=conv.c
No available CGRAs for conv.c. Added to waiting queue.
====================
====================
Processing event at time 0: type=arrival, kernel=fft.c
No available CGRAs for fft.c. Added to waiting queue.
====================
====================
Processing event at time 0: type=arrival, kernel=spmv.c
No available CGRAs for spmv.c. Added to waiting queue.
====================
====================
Processing event at time 0: type=arrival, kernel=dtw.cpp
No available CGRAs for dtw.cpp. Added to waiting queue.
====================
====================
Processing event at time 0: type=arrival, kernel=mvt.c
No available CGRAs for mvt.c. Added to waiting queue.
====================
====================
Processing event at time 0: type=arrival, kernel=relu+histogram.c
No available CGRAs for relu+histogram.c. Added to waiting queue.
====================
====================
Processing event at time 0: type=arrival, kernel=fir.cpp
No available CGRAs for fir.cpp. Added to waiting queue.
====================
====================
Processing event at time 0: type=arrival, kernel=latnrm.c
No available CGRAs for latnrm.c. Added to waiting queue.
====================
====================
Processing event at time 4194304: type=end, kernel=gemm.c
Released 1 CGRAs from gemm.c at 4194304. Latency added: 4194304 cycles
Allocating CGRAs to waiting instance conv.c
available_cgras is less than 5, limiting allocation to 1 CGRA
Calculated execution duration for conv.c: 1310720 cycles (II=8, iterations=163840)
Allocated 1 CGRAs to conv.c at 4194304. Execution will end at 5505024

=== At time 3276800, number of completed functions: 1 ===
====================
====================
Processing event at time 5505024: type=end, kernel=conv.c
Released 1 CGRAs from conv.c at 5505024. Latency added: 1310720 cycles
Allocating CGRAs to waiting instance fft.c
Kernel fft.c is vectorized, limiting allocation to 1 CGRA
Calculated execution duration for fft.c: 168960 cycles (II=3, iterations=7040)
Allocated 1 CGRAs to fft.c at 5505024. Execution will end at 5673984
====================
====================
Processing event at time 5673984: type=end, kernel=fft.c
Released 1 CGRAs from fft.c at 5673984. Latency added: 168960 cycles
Allocating CGRAs to waiting instance spmv.c
available_cgras is less than 5, limiting allocation to 1 CGRA
Calculated execution duration for spmv.c: 262144 cycles (II=8, iterations=32768)
Allocated 1 CGRAs to spmv.c at 5673984. Execution will end at 5936128
====================
====================
Processing event at time 5936128: type=end, kernel=spmv.c
Released 1 CGRAs from spmv.c at 5936128. Latency added: 262144 cycles
Allocating CGRAs to waiting instance dtw.cpp
Kernel dtw.cpp is vectorized, limiting allocation to 1 CGRA
Calculated execution duration for dtw.cpp: 24576 cycles (II=3, iterations=1024)
Allocated 1 CGRAs to dtw.cpp at 5936128. Execution will end at 5960704
====================
====================
Processing event at time 5960704: type=end, kernel=dtw.cpp
Released 1 CGRAs from dtw.cpp at 5960704. Latency added: 24576 cycles
Allocating CGRAs to waiting instance mvt.c
available_cgras is less than 5, limiting allocation to 1 CGRA
Calculated execution duration for mvt.c: 12288 cycles (II=3, iterations=4096)
Allocated 1 CGRAs to mvt.c at 5960704. Execution will end at 5972992
====================
====================
Processing event at time 5972992: type=end, kernel=mvt.c
Released 1 CGRAs from mvt.c at 5972992. Latency added: 12288 cycles
Allocating CGRAs to waiting instance relu+histogram.c
Kernel relu+histogram.c contains '+', limiting allocation to 1 CGRA
Calculated execution duration for relu+histogram.c: 524288 cycles (II=2, iterations=262144)
Allocated 1 CGRAs to relu+histogram.c at 5972992. Execution will end at 6497280
====================
====================
Processing event at time 6497280: type=end, kernel=relu+histogram.c
Released 1 CGRAs from relu+histogram.c at 6497280. Latency added: 524288 cycles
Allocating CGRAs to waiting instance fir.cpp
Kernel fir.cpp is vectorized, limiting allocation to 1 CGRA
Calculated execution duration for fir.cpp: 2048 cycles (II=2, iterations=128)
Allocated 1 CGRAs to fir.cpp at 6497280. Execution will end at 6499328
====================
====================
Processing event at time 6499328: type=end, kernel=fir.cpp
Released 1 CGRAs from fir.cpp at 6499328. Latency added: 2048 cycles
Allocating CGRAs to waiting instance latnrm.c
available_cgras is less than 5, limiting allocation to 1 CGRA
Calculated execution duration for latnrm.c: 1280 cycles (II=4, iterations=320)
Allocated 1 CGRAs to latnrm.c at 6499328. Execution will end at 6500608
====================
====================
Processing event at time 6500608: type=end, kernel=latnrm.c
Released 1 CGRAs from latnrm.c at 6500608. Latency added: 1280 cycles
====================
Total idle duration is 0, total_cgra_runtime is 826777.6626688001
Simulation completed. Kernel latencies: {'fir.cpp': 2048, 'latnrm.c': 1280, 'fft.c': 168960, 'dtw.cpp': 24576, 'spmv.c': 262144, 'conv.c': 1310720, 'mvt.c': 12288, 'gemm.c': 4194304, 'relu+histogram.c': 524288}
Kernel execution_ratio: {'fir.cpp': 0.00031510950055144165, 'latnrm.c': 0.00019690465876422635, 'fft.c': 0.02977801840822956, 'dtw.cpp': 0.004123002920460402, 'spmv.c': 0.044160772813524235, 'conv.c': 0.23809523809523808, 'mvt.c': 0.00205726041488085, 'gemm.c': 1.0, 'relu+histogram.c': 0.08069345941686368}
Kernel execution duration distributions: {'fir.cpp': [2048], 'latnrm.c': [1280], 'fft.c': [168960], 'dtw.cpp': [24576], 'spmv.c': [262144], 'conv.c': [1310720], 'mvt.c': [12288], 'gemm.c': [4194304], 'relu+histogram.c': [524288]}
Kernel Runned List: ['gemm.c', 'conv.c', 'fft.c', 'spmv.c', 'dtw.cpp', 'mvt.c', 'relu+histogram.c', 'fir.cpp', 'latnrm.c']
CGRA utilization: 0.1271846668294412
overall latency: 6500608
overall execution: 6500608
overall waiting_time_nolap: 6500608
{7: 1, 8: 1, 2: 1, 4: 1, 3: 1, 1: 1, 5: 1, 0: 1, 6: 1}
[91mPriority Boosting Level: 0[0m
Kernel fir.cpp base_ii=2, expandable_ii=2,               iterations=128, utilization=0.5, arrive_times, 1
Kernel latnrm.c base_ii=4, expandable_ii=4,               iterations=320, utilization=0.859375, arrive_times, 1
Kernel fft.c base_ii=4, expandable_ii=3,               iterations=7040, utilization=0.9375, arrive_times, 1
Kernel dtw.cpp base_ii=3, expandable_ii=3,               iterations=1024, utilization=0.9375, arrive_times, 1
Kernel spmv.c base_ii=13, expandable_ii=13,               iterations=16384, utilization=0.793269, arrive_times, 1
Kernel conv.c base_ii=6, expandable_ii=5,               iterations=163840, utilization=0.854167, arrive_times, 1
Kernel mvt.c base_ii=9, expandable_ii=5,               iterations=4096, utilization=0.8819450000000001, arrive_times, 1
Kernel gemm.c base_ii=2, expandable_ii=2,               iterations=131072, utilization=0.6875, arrive_times, 1
Kernel relu+histogram.c base_ii=7, expandable_ii=4,               iterations=65536, utilization=0.982143, arrive_times, 1
====================
Processing event at time 0: type=arrival, kernel=gemm.c
Kernel gemm.c is vectorized, limiting allocation to 1 CGRA
Calculated execution duration for gemm.c: 2097152 cycles (II=2, iterations=131072)
Allocated 1 CGRAs to gemm.c at 0. Execution will end at 2097152
====================
====================
Processing event at time 0: type=arrival, kernel=conv.c
Calculated execution duration for conv.c: 819200 cycles (II=5, iterations=163840)
Allocated 2 CGRAs to conv.c at 0. Execution will end at 819200
====================
====================
Processing event at time 0: type=arrival, kernel=fft.c
Kernel fft.c is vectorized, limiting allocation to 1 CGRA
Calculated execution duration for fft.c: 225280 cycles (II=4, iterations=7040)
Allocated 1 CGRAs to fft.c at 0. Execution will end at 225280
====================
====================
Processing event at time 0: type=arrival, kernel=spmv.c
available_cgras is less than 5, limiting allocation to 1 CGRA
Calculated execution duration for spmv.c: 212992 cycles (II=13, iterations=16384)
Allocated 1 CGRAs to spmv.c at 0. Execution will end at 212992
====================
====================
Processing event at time 0: type=arrival, kernel=dtw.cpp
Kernel dtw.cpp is vectorized, limiting allocation to 1 CGRA
Calculated execution duration for dtw.cpp: 24576 cycles (II=3, iterations=1024)
Allocated 1 CGRAs to dtw.cpp at 0. Execution will end at 24576
====================
====================
Processing event at time 0: type=arrival, kernel=mvt.c
available_cgras is less than 5, limiting allocation to 1 CGRA
Calculated execution duration for mvt.c: 36864 cycles (II=9, iterations=4096)
Allocated 1 CGRAs to mvt.c at 0. Execution will end at 36864
====================
====================
Processing event at time 0: type=arrival, kernel=relu+histogram.c
Kernel relu+histogram.c contains '+', limiting allocation to 1 CGRA
Calculated execution duration for relu+histogram.c: 458752 cycles (II=7, iterations=65536)
Allocated 1 CGRAs to relu+histogram.c at 0. Execution will end at 458752
====================
====================
Processing event at time 0: type=arrival, kernel=fir.cpp
Kernel fir.cpp is vectorized, limiting allocation to 1 CGRA
Calculated execution duration for fir.cpp: 2048 cycles (II=2, iterations=128)
Allocated 1 CGRAs to fir.cpp at 0. Execution will end at 2048
====================
====================
Processing event at time 0: type=arrival, kernel=latnrm.c
No available CGRAs for latnrm.c. Added to waiting queue.
====================
====================
Processing event at time 2048: type=end, kernel=fir.cpp
Released 1 CGRAs from fir.cpp at 2048. Latency added: 2048 cycles
Allocating CGRAs to waiting instance latnrm.c
available_cgras is less than 5, limiting allocation to 1 CGRA
Calculated execution duration for latnrm.c: 1280 cycles (II=4, iterations=320)
Allocated 1 CGRAs to latnrm.c at 2048. Execution will end at 3328
====================
====================
Processing event at time 3328: type=end, kernel=latnrm.c
Released 1 CGRAs from latnrm.c at 3328. Latency added: 1280 cycles
====================
====================
Processing event at time 24576: type=end, kernel=dtw.cpp
Released 1 CGRAs from dtw.cpp at 24576. Latency added: 24576 cycles
====================
====================
Processing event at time 36864: type=end, kernel=mvt.c
Released 1 CGRAs from mvt.c at 36864. Latency added: 36864 cycles
====================
====================
Processing event at time 212992: type=end, kernel=spmv.c
Released 1 CGRAs from spmv.c at 212992. Latency added: 212992 cycles
====================
====================
Processing event at time 225280: type=end, kernel=fft.c
Released 1 CGRAs from fft.c at 225280. Latency added: 225280 cycles
====================
====================
Processing event at time 458752: type=end, kernel=relu+histogram.c
Released 1 CGRAs from relu+histogram.c at 458752. Latency added: 458752 cycles
====================
====================
Processing event at time 819200: type=end, kernel=conv.c
Released 2 CGRAs from conv.c at 819200. Latency added: 819200 cycles
====================
====================
Processing event at time 2097152: type=end, kernel=gemm.c
Released 1 CGRAs from gemm.c at 2097152. Latency added: 2097152 cycles
====================

=== Simulation ended before 3276800, number of completed functions: 9
Total idle duration is 0, total_cgra_runtime is 4697344
Simulation completed. Kernel latencies: {'fir.cpp': 2048, 'latnrm.c': 1280, 'fft.c': 225280, 'dtw.cpp': 24576, 'spmv.c': 212992, 'conv.c': 819200, 'mvt.c': 36864, 'gemm.c': 2097152, 'relu+histogram.c': 458752}
Kernel execution_ratio: {'fir.cpp': 1.0, 'latnrm.c': 0.38461538461538464, 'fft.c': 1.0, 'dtw.cpp': 1.0, 'spmv.c': 1.0, 'conv.c': 1.0, 'mvt.c': 1.0, 'gemm.c': 1.0, 'relu+histogram.c': 1.0}
Kernel execution duration distributions: {'fir.cpp': [2048], 'latnrm.c': [1280], 'fft.c': [225280], 'dtw.cpp': [24576], 'spmv.c': [212992], 'conv.c': [819200], 'mvt.c': [36864], 'gemm.c': [2097152], 'relu+histogram.c': [458752]}
Kernel Runned List: ['gemm.c', 'conv.c', 'fft.c', 'spmv.c', 'dtw.cpp', 'mvt.c', 'relu+histogram.c', 'fir.cpp', 'latnrm.c']
CGRA utilization: 0.2488742404513889
overall latency: 2097152
overall execution: 3878144
overall waiting_time_nolap: 1280
{7: 1, 8: 1, 2: 1, 4: 1, 3: 1, 1: 1, 5: 1, 0: 1, 6: 1}
[91mPriority Boosting Level: 1[0m
Kernel fir.cpp base_ii=2, expandable_ii=2,               iterations=128, utilization=0.5, arrive_times, 1
Kernel latnrm.c base_ii=4, expandable_ii=4,               iterations=320, utilization=0.859375, arrive_times, 1
Kernel fft.c base_ii=4, expandable_ii=3,               iterations=7040, utilization=0.9375, arrive_times, 1
Kernel dtw.cpp base_ii=3, expandable_ii=3,               iterations=1024, utilization=0.9375, arrive_times, 1
Kernel spmv.c base_ii=13, expandable_ii=13,               iterations=16384, utilization=0.793269, arrive_times, 1
Kernel conv.c base_ii=6, expandable_ii=5,               iterations=163840, utilization=0.854167, arrive_times, 1
Kernel mvt.c base_ii=9, expandable_ii=5,               iterations=4096, utilization=0.8819450000000001, arrive_times, 1
Kernel gemm.c base_ii=2, expandable_ii=2,               iterations=131072, utilization=0.6875, arrive_times, 1
Kernel relu+histogram.c base_ii=7, expandable_ii=4,               iterations=65536, utilization=0.982143, arrive_times, 1
====================
Processing event at time 0: type=arrival, kernel=gemm.c
Calculated execution duration for gemm.c: 2097152 cycles (II=2, iterations=131072)
Allocated 1 CGRAs to gemm.c at 0. Execution will end at 2097152
====================
====================
Processing event at time 0: type=arrival, kernel=conv.c
Calculated execution duration for conv.c: 983040 cycles (II=6, iterations=163840)
Allocated 1 CGRAs to conv.c at 0. Execution will end at 983040
current_time 0, completed_iters 0
remaining_iters 163840, remaining_execution_duration 819200
Re-allocated succeed. conv.c. Add 1 CGRAs at 0. Old end time: 983040. New end time: 819200
====================
====================
Processing event at time 0: type=arrival, kernel=fft.c
Calculated execution duration for fft.c: 225280 cycles (II=4, iterations=7040)
Allocated 1 CGRAs to fft.c at 0. Execution will end at 225280
====================
====================
Processing event at time 0: type=arrival, kernel=spmv.c
Calculated execution duration for spmv.c: 212992 cycles (II=13, iterations=16384)
Allocated 1 CGRAs to spmv.c at 0. Execution will end at 212992
current_time 0, completed_iters 0
remaining_iters 16384, remaining_execution_duration 212992
Re-allocated succeed. spmv.c. Add 1 CGRAs at 0. Old end time: 212992. New end time: 212992
====================
====================
Processing event at time 0: type=arrival, kernel=dtw.cpp
Calculated execution duration for dtw.cpp: 24576 cycles (II=3, iterations=1024)
Allocated 1 CGRAs to dtw.cpp at 0. Execution will end at 24576
====================
====================
Processing event at time 0: type=arrival, kernel=mvt.c
Calculated execution duration for mvt.c: 36864 cycles (II=9, iterations=4096)
Allocated 1 CGRAs to mvt.c at 0. Execution will end at 36864
current_time 0, completed_iters 0
remaining_iters 4096, remaining_execution_duration 20480
Re-allocated succeed. mvt.c. Add 1 CGRAs at 0. Old end time: 36864. New end time: 20480
====================
====================
Processing event at time 0: type=arrival, kernel=relu+histogram.c
No available CGRAs for relu+histogram.c. Added to waiting queue.
====================
====================
Processing event at time 0: type=arrival, kernel=fir.cpp
No available CGRAs for fir.cpp. Added to waiting queue.
====================
====================
Processing event at time 0: type=arrival, kernel=latnrm.c
No available CGRAs for latnrm.c. Added to waiting queue.
====================
====================
Processing event at time 20480: type=end, kernel=mvt.c
Released 2 CGRAs from mvt.c at 20480. Latency added: 20480 cycles
Allocating CGRAs to waiting instance relu+histogram.c
Calculated execution duration for relu+histogram.c: 458752 cycles (II=7, iterations=65536)
Allocated 1 CGRAs to relu+histogram.c at 20480. Execution will end at 479232
Allocating CGRAs to waiting instance fir.cpp
Calculated execution duration for fir.cpp: 2048 cycles (II=2, iterations=128)
Allocated 1 CGRAs to fir.cpp at 20480. Execution will end at 22528
====================
====================
Processing event at time 22528: type=end, kernel=fir.cpp
Released 1 CGRAs from fir.cpp at 22528. Latency added: 2048 cycles
Allocating CGRAs to waiting instance latnrm.c
Calculated execution duration for latnrm.c: 1280 cycles (II=4, iterations=320)
Allocated 1 CGRAs to latnrm.c at 22528. Execution will end at 23808
Re-allocated Failed. (latnrm.c at time 22528)
Re-allocated Failed. (latnrm.c at time 22528)
====================
====================
Processing event at time 23808: type=end, kernel=latnrm.c
Released 1 CGRAs from latnrm.c at 23808. Latency added: 1280 cycles
====================
====================
Processing event at time 24576: type=end, kernel=dtw.cpp
Released 1 CGRAs from dtw.cpp at 24576. Latency added: 24576 cycles
====================
Skipping invalid event for mvt.c
====================
Processing event at time 212992: type=end, kernel=spmv.c
Released 2 CGRAs from spmv.c at 212992. Latency added: 212992 cycles
====================
Skipping invalid event for spmv.c
====================
Processing event at time 225280: type=end, kernel=fft.c
Released 1 CGRAs from fft.c at 225280. Latency added: 225280 cycles
====================
====================
Processing event at time 479232: type=end, kernel=relu+histogram.c
Released 1 CGRAs from relu+histogram.c at 479232. Latency added: 458752 cycles
====================
====================
Processing event at time 819200: type=end, kernel=conv.c
Released 2 CGRAs from conv.c at 819200. Latency added: 819200 cycles
====================
Skipping invalid event for conv.c
====================
Processing event at time 2097152: type=end, kernel=gemm.c
Released 1 CGRAs from gemm.c at 2097152. Latency added: 2097152 cycles
====================

=== Simulation ended before 3276800, number of completed functions: 9
Total idle duration is 0, total_cgra_runtime is 4914432.0
Simulation completed. Kernel latencies: {'fir.cpp': 2048, 'latnrm.c': 1280, 'fft.c': 225280, 'dtw.cpp': 24576, 'spmv.c': 212992, 'conv.c': 819200, 'mvt.c': 20480, 'gemm.c': 2097152, 'relu+histogram.c': 458752}
Kernel execution_ratio: {'fir.cpp': 0.09090909090909091, 'latnrm.c': 0.053763440860215055, 'fft.c': 1.0, 'dtw.cpp': 1.0, 'spmv.c': 1.0, 'conv.c': 1.0, 'mvt.c': 1.0, 'gemm.c': 1.0, 'relu+histogram.c': 0.9572649572649573}
Kernel execution duration distributions: {'fir.cpp': [2048], 'latnrm.c': [1280], 'fft.c': [225280], 'dtw.cpp': [24576], 'spmv.c': [212992], 'conv.c': [819200], 'mvt.c': [20480], 'gemm.c': [2097152], 'relu+histogram.c': [458752]}
Kernel Runned List: ['gemm.c', 'conv.c', 'fft.c', 'spmv.c', 'dtw.cpp', 'mvt.c', 'relu+histogram.c', 'fir.cpp', 'latnrm.c']
CGRA utilization: 0.2603759765625
overall latency: 2097152
overall execution: 3861760
overall waiting_time_nolap: 23808
{7: 1, 8: 1, 2: 1, 4: 1, 3: 1, 1: 1, 5: 1, 0: 1, 6: 1}
[91mPriority Boosting Level: 2[0m
Kernel fir.cpp base_ii=2, expandable_ii=2,               iterations=128, utilization=0.5, arrive_times, 1
Kernel latnrm.c base_ii=4, expandable_ii=4,               iterations=320, utilization=0.859375, arrive_times, 1
Kernel fft.c base_ii=4, expandable_ii=3,               iterations=7040, utilization=0.9375, arrive_times, 1
Kernel dtw.cpp base_ii=3, expandable_ii=3,               iterations=1024, utilization=0.9375, arrive_times, 1
Kernel spmv.c base_ii=13, expandable_ii=13,               iterations=16384, utilization=0.793269, arrive_times, 1
Kernel conv.c base_ii=6, expandable_ii=5,               iterations=163840, utilization=0.854167, arrive_times, 1
Kernel mvt.c base_ii=9, expandable_ii=5,               iterations=4096, utilization=0.8819450000000001, arrive_times, 1
Kernel gemm.c base_ii=2, expandable_ii=2,               iterations=131072, utilization=0.6875, arrive_times, 1
Kernel relu+histogram.c base_ii=7, expandable_ii=4,               iterations=65536, utilization=0.982143, arrive_times, 1
====================
Processing event at time 0: type=arrival, kernel=gemm.c
Calculated execution duration for gemm.c: 2097152 cycles (II=2, iterations=131072)
Allocated 1 CGRAs to gemm.c at 0. Execution will end at 2097152
====================
====================
Processing event at time 0: type=arrival, kernel=conv.c
Calculated execution duration for conv.c: 983040 cycles (II=6, iterations=163840)
Allocated 1 CGRAs to conv.c at 0. Execution will end at 983040
current_time 0, completed_iters 0
remaining_iters 163840, remaining_execution_duration 819200
Re-allocated succeed. conv.c. Add 1 CGRAs at 0. Old end time: 983040. New end time: 819200
====================
====================
Processing event at time 0: type=arrival, kernel=fft.c
Calculated execution duration for fft.c: 225280 cycles (II=4, iterations=7040)
Allocated 1 CGRAs to fft.c at 0. Execution will end at 225280
====================
====================
Processing event at time 0: type=arrival, kernel=spmv.c
Calculated execution duration for spmv.c: 212992 cycles (II=13, iterations=16384)
Allocated 1 CGRAs to spmv.c at 0. Execution will end at 212992
current_time 0, completed_iters 0
remaining_iters 16384, remaining_execution_duration 212992
Re-allocated succeed. spmv.c. Add 1 CGRAs at 0. Old end time: 212992. New end time: 212992
====================
====================
Processing event at time 0: type=arrival, kernel=dtw.cpp
Calculated execution duration for dtw.cpp: 24576 cycles (II=3, iterations=1024)
Allocated 1 CGRAs to dtw.cpp at 0. Execution will end at 24576
====================
====================
Processing event at time 0: type=arrival, kernel=mvt.c
Calculated execution duration for mvt.c: 36864 cycles (II=9, iterations=4096)
Allocated 1 CGRAs to mvt.c at 0. Execution will end at 36864
current_time 0, completed_iters 0
remaining_iters 4096, remaining_execution_duration 20480
Re-allocated succeed. mvt.c. Add 1 CGRAs at 0. Old end time: 36864. New end time: 20480
====================
====================
Processing event at time 0: type=arrival, kernel=relu+histogram.c
No available CGRAs for relu+histogram.c. Added to waiting queue.
====================
====================
Processing event at time 0: type=arrival, kernel=fir.cpp
No available CGRAs for fir.cpp. Added to waiting queue.
====================
====================
Processing event at time 0: type=arrival, kernel=latnrm.c
No available CGRAs for latnrm.c. Added to waiting queue.
====================
====================
Processing event at time 20480: type=end, kernel=mvt.c
Released 2 CGRAs from mvt.c at 20480. Latency added: 20480 cycles
Allocating CGRAs to waiting instance relu+histogram.c
Calculated execution duration for relu+histogram.c: 458752 cycles (II=7, iterations=65536)
Allocated 1 CGRAs to relu+histogram.c at 20480. Execution will end at 479232
current_time 20480, completed_iters 0
remaining_iters 65536, remaining_execution_duration 262144
Re-allocated succeed. relu+histogram.c. Add 1 CGRAs at 20480. Old end time: 479232. New end time: 282624
====================
====================
Processing event at time 24576: type=end, kernel=dtw.cpp
Released 1 CGRAs from dtw.cpp at 24576. Latency added: 24576 cycles
Allocating CGRAs to waiting instance fir.cpp
Calculated execution duration for fir.cpp: 2048 cycles (II=2, iterations=128)
Allocated 1 CGRAs to fir.cpp at 24576. Execution will end at 26624
====================
====================
Processing event at time 26624: type=end, kernel=fir.cpp
Released 1 CGRAs from fir.cpp at 26624. Latency added: 2048 cycles
Allocating CGRAs to waiting instance latnrm.c
Calculated execution duration for latnrm.c: 1280 cycles (II=4, iterations=320)
Allocated 1 CGRAs to latnrm.c at 26624. Execution will end at 27904
Re-allocated Failed. (latnrm.c at time 26624)
Re-allocated Failed. (latnrm.c at time 26624)
====================
====================
Processing event at time 27904: type=end, kernel=latnrm.c
Released 1 CGRAs from latnrm.c at 27904. Latency added: 1280 cycles
====================
Skipping invalid event for mvt.c
====================
Processing event at time 212992: type=end, kernel=spmv.c
Released 2 CGRAs from spmv.c at 212992. Latency added: 212992 cycles
====================
Skipping invalid event for spmv.c
====================
Processing event at time 225280: type=end, kernel=fft.c
Released 1 CGRAs from fft.c at 225280. Latency added: 225280 cycles
====================
====================
Processing event at time 282624: type=end, kernel=relu+histogram.c
Released 2 CGRAs from relu+histogram.c at 282624. Latency added: 262144 cycles
====================
Skipping invalid event for relu+histogram.c
====================
Processing event at time 819200: type=end, kernel=conv.c
Released 2 CGRAs from conv.c at 819200. Latency added: 819200 cycles
====================
Skipping invalid event for conv.c
====================
Processing event at time 2097152: type=end, kernel=gemm.c
Released 1 CGRAs from gemm.c at 2097152. Latency added: 2097152 cycles
====================

=== Simulation ended before 3276800, number of completed functions: 9
Total idle duration is 0, total_cgra_runtime is 4979968.0
Simulation completed. Kernel latencies: {'fir.cpp': 2048, 'latnrm.c': 1280, 'fft.c': 225280, 'dtw.cpp': 24576, 'spmv.c': 212992, 'conv.c': 819200, 'mvt.c': 20480, 'gemm.c': 2097152, 'relu+histogram.c': 262144}
Kernel execution_ratio: {'fir.cpp': 0.07692307692307693, 'latnrm.c': 0.045871559633027525, 'fft.c': 1.0, 'dtw.cpp': 1.0, 'spmv.c': 1.0, 'conv.c': 1.0, 'mvt.c': 1.0, 'gemm.c': 1.0, 'relu+histogram.c': 0.927536231884058}
Kernel execution duration distributions: {'fir.cpp': [2048], 'latnrm.c': [1280], 'fft.c': [225280], 'dtw.cpp': [24576], 'spmv.c': [212992], 'conv.c': [819200], 'mvt.c': [20480], 'gemm.c': [2097152], 'relu+histogram.c': [262144]}
Kernel Runned List: ['gemm.c', 'conv.c', 'fft.c', 'spmv.c', 'dtw.cpp', 'mvt.c', 'relu+histogram.c', 'fir.cpp', 'latnrm.c']
CGRA utilization: 0.2638481987847222
overall latency: 2097152
overall execution: 3665152
overall waiting_time_nolap: 27904
{7: 1, 8: 1, 2: 1, 4: 1, 3: 1, 1: 1, 5: 1, 0: 1, 6: 1}
[91mPriority Boosting Level: 3[0m
Kernel fir.cpp base_ii=2, expandable_ii=2,               iterations=128, utilization=0.5, arrive_times, 1
Kernel latnrm.c base_ii=4, expandable_ii=4,               iterations=320, utilization=0.859375, arrive_times, 1
Kernel fft.c base_ii=4, expandable_ii=3,               iterations=7040, utilization=0.9375, arrive_times, 1
Kernel dtw.cpp base_ii=3, expandable_ii=3,               iterations=1024, utilization=0.9375, arrive_times, 1
Kernel spmv.c base_ii=13, expandable_ii=13,               iterations=16384, utilization=0.793269, arrive_times, 1
Kernel conv.c base_ii=6, expandable_ii=5,               iterations=163840, utilization=0.854167, arrive_times, 1
Kernel mvt.c base_ii=9, expandable_ii=5,               iterations=4096, utilization=0.8819450000000001, arrive_times, 1
Kernel gemm.c base_ii=2, expandable_ii=2,               iterations=131072, utilization=0.6875, arrive_times, 1
Kernel relu+histogram.c base_ii=7, expandable_ii=4,               iterations=65536, utilization=0.982143, arrive_times, 1
====================
Processing event at time 0: type=arrival, kernel=gemm.c
Calculated execution duration for gemm.c: 2097152 cycles (II=2, iterations=131072)
Allocated 1 CGRAs to gemm.c at 0. Execution will end at 2097152
current_time 0, completed_iters 0
remaining_iters 131072, remaining_execution_duration 262144
Re-allocated succeed. gemm.c. Add 7 CGRAs at 0. Old end time: 2097152. New end time: 262144
====================
====================
Processing event at time 0: type=arrival, kernel=conv.c
Calculated execution duration for conv.c: 983040 cycles (II=6, iterations=163840)
Allocated 1 CGRAs to conv.c at 0. Execution will end at 983040
Re-allocated Failed. (conv.c at time 0)
====================
====================
Processing event at time 0: type=arrival, kernel=fft.c
No available CGRAs for fft.c. Added to waiting queue.
====================
====================
Processing event at time 0: type=arrival, kernel=spmv.c
No available CGRAs for spmv.c. Added to waiting queue.
====================
====================
Processing event at time 0: type=arrival, kernel=dtw.cpp
No available CGRAs for dtw.cpp. Added to waiting queue.
====================
====================
Processing event at time 0: type=arrival, kernel=mvt.c
No available CGRAs for mvt.c. Added to waiting queue.
====================
====================
Processing event at time 0: type=arrival, kernel=relu+histogram.c
No available CGRAs for relu+histogram.c. Added to waiting queue.
====================
====================
Processing event at time 0: type=arrival, kernel=fir.cpp
No available CGRAs for fir.cpp. Added to waiting queue.
====================
====================
Processing event at time 0: type=arrival, kernel=latnrm.c
No available CGRAs for latnrm.c. Added to waiting queue.
====================
====================
Processing event at time 262144: type=end, kernel=gemm.c
Released 8 CGRAs from gemm.c at 262144. Latency added: 262144 cycles
Allocating CGRAs to waiting instance fft.c
Calculated execution duration for fft.c: 225280 cycles (II=4, iterations=7040)
Allocated 1 CGRAs to fft.c at 262144. Execution will end at 487424
current_time 262144, completed_iters 0
remaining_iters 7040, remaining_execution_duration 28160
Re-allocated succeed. fft.c. Add 7 CGRAs at 262144. Old end time: 487424. New end time: 290304
Re-allocated Failed. (conv.c at time 262144)
====================
====================
Processing event at time 290304: type=end, kernel=fft.c
Released 8 CGRAs from fft.c at 290304. Latency added: 28160 cycles
Allocating CGRAs to waiting instance spmv.c
Calculated execution duration for spmv.c: 212992 cycles (II=13, iterations=16384)
Allocated 1 CGRAs to spmv.c at 290304. Execution will end at 503296
current_time 290304, completed_iters 0
remaining_iters 16384, remaining_execution_duration 212992
Re-allocated succeed. spmv.c. Add 1 CGRAs at 290304. Old end time: 503296. New end time: 503296
Allocating CGRAs to waiting instance dtw.cpp
Calculated execution duration for dtw.cpp: 24576 cycles (II=3, iterations=1024)
Allocated 1 CGRAs to dtw.cpp at 290304. Execution will end at 314880
current_time 290304, completed_iters 0
remaining_iters 1024, remaining_execution_duration 6144
Re-allocated succeed. dtw.cpp. Add 5 CGRAs at 290304. Old end time: 314880. New end time: 296448
Re-allocated Failed. (conv.c at time 290304)
====================
====================
Processing event at time 296448: type=end, kernel=dtw.cpp
Released 6 CGRAs from dtw.cpp at 296448. Latency added: 6144 cycles
Allocating CGRAs to waiting instance mvt.c
Calculated execution duration for mvt.c: 36864 cycles (II=9, iterations=4096)
Allocated 1 CGRAs to mvt.c at 296448. Execution will end at 333312
current_time 296448, completed_iters 0
remaining_iters 4096, remaining_execution_duration 20480
Re-allocated succeed. mvt.c. Add 1 CGRAs at 296448. Old end time: 333312. New end time: 316928
Allocating CGRAs to waiting instance relu+histogram.c
Calculated execution duration for relu+histogram.c: 458752 cycles (II=7, iterations=65536)
Allocated 1 CGRAs to relu+histogram.c at 296448. Execution will end at 755200
current_time 296448, completed_iters 0
remaining_iters 65536, remaining_execution_duration 262144
Re-allocated succeed. relu+histogram.c. Add 1 CGRAs at 296448. Old end time: 755200. New end time: 558592
Allocating CGRAs to waiting instance fir.cpp
Calculated execution duration for fir.cpp: 2048 cycles (II=2, iterations=128)
Allocated 1 CGRAs to fir.cpp at 296448. Execution will end at 298496
current_time 296448, completed_iters 0
remaining_iters 128, remaining_execution_duration 1024
Re-allocated succeed. fir.cpp. Add 1 CGRAs at 296448. Old end time: 298496. New end time: 297472
Re-allocated Failed. (conv.c at time 296448)
====================
====================
Processing event at time 297472: type=end, kernel=fir.cpp
Released 2 CGRAs from fir.cpp at 297472. Latency added: 1024 cycles
Allocating CGRAs to waiting instance latnrm.c
Calculated execution duration for latnrm.c: 1280 cycles (II=4, iterations=320)
Allocated 1 CGRAs to latnrm.c at 297472. Execution will end at 298752
current_time 297472, completed_iters 0
remaining_iters 320, remaining_execution_duration 1280
Re-allocated succeed. latnrm.c. Add 1 CGRAs at 297472. Old end time: 298752. New end time: 298752
Re-allocated Failed. (conv.c at time 297472)
====================
Skipping invalid event for fir.cpp
Skipping invalid event for latnrm.c
====================
Processing event at time 298752: type=end, kernel=latnrm.c
Released 2 CGRAs from latnrm.c at 298752. Latency added: 1280 cycles
current_time 298752, completed_iters 49792
remaining_iters 114048, remaining_execution_duration 570240
Re-allocated succeed. conv.c. Add 1 CGRAs at 298752. Old end time: 983040. New end time: 868992
====================
Skipping invalid event for dtw.cpp
====================
Processing event at time 316928: type=end, kernel=mvt.c
Released 2 CGRAs from mvt.c at 316928. Latency added: 20480 cycles
====================
Skipping invalid event for mvt.c
Skipping invalid event for fft.c
====================
Processing event at time 503296: type=end, kernel=spmv.c
Released 2 CGRAs from spmv.c at 503296. Latency added: 212992 cycles
====================
Skipping invalid event for spmv.c
====================
Processing event at time 558592: type=end, kernel=relu+histogram.c
Released 2 CGRAs from relu+histogram.c at 558592. Latency added: 262144 cycles
====================
Skipping invalid event for relu+histogram.c
====================
Processing event at time 868992: type=end, kernel=conv.c
Released 2 CGRAs from conv.c at 868992. Latency added: 868992 cycles
====================
Skipping invalid event for conv.c
Skipping invalid event for gemm.c

=== Simulation ended before 3276800, number of completed functions: 9
Total idle duration is 0, total_cgra_runtime is 4794368.0
Simulation completed. Kernel latencies: {'fir.cpp': 1024, 'latnrm.c': 1280, 'fft.c': 28160, 'dtw.cpp': 6144, 'spmv.c': 212992, 'conv.c': 868992, 'mvt.c': 20480, 'gemm.c': 262144, 'relu+histogram.c': 262144}
Kernel execution_ratio: {'fir.cpp': 0.0034423407917383822, 'latnrm.c': 0.004284490145672665, 'fft.c': 0.09700176366843033, 'dtw.cpp': 0.02072538860103627, 'spmv.c': 0.4231943031536114, 'conv.c': 1.0, 'mvt.c': 0.06462035541195477, 'gemm.c': 1.0, 'relu+histogram.c': 0.4692942254812099}
Kernel execution duration distributions: {'fir.cpp': [1024], 'latnrm.c': [1280], 'fft.c': [28160], 'dtw.cpp': [6144], 'spmv.c': [212992], 'conv.c': [868992], 'mvt.c': [20480], 'gemm.c': [262144], 'relu+histogram.c': [262144]}
Kernel Runned List: ['gemm.c', 'conv.c', 'fft.c', 'spmv.c', 'dtw.cpp', 'mvt.c', 'relu+histogram.c', 'fir.cpp', 'latnrm.c']
CGRA utilization: 0.6130177902161994
overall latency: 868992
overall execution: 1663360
overall waiting_time_nolap: 298752
