Initialize opt latency for DFG nodes: 
Initialize additional functionality on CGRA nodes: 
[function 'main' is not in our target list]
Initialize opt latency for DFG nodes: 
Initialize additional functionality on CGRA nodes: 
==================================
[function '_Z6kernelPfS_S_' is one of our targets]
*** current function: _Z6kernelPfS_S_
==================================
==================================
==================================
[reorder DFG along with the longest path]
Without customization in param.json, we enable store functionality on the left most column.
Without customization in param.json, we enable load functionality on the left most column.
==================================
[show opcode count]
add : 2
br : 1
cmp : 1
getelementptr : 2
load : 2
mul : 1
phi : 2
store : 1
DFG node count: 12; DFG edge count: 16; SIMD node count: 0
==================================
[generate dot for DFG]
==================================
[generate JSON for DFG]
==================================
[ResMII: 1]
==================================
[RecMII: 4]
[debug] unused_high_dvfs_cgra_tiles_across_II: 12
[debug] unused_mid_dvfs_cgra_tiles_across_II: 4
[debug] unused_low_dvfs_cgra_tiles_across_II: 28
==================================
[heuristic]
----------------------------------------
[DEBUG] start heuristic algorithm with II=4
[DEBUG] schedule dfg node[9] onto fu[21] at cycle 0 within II: 4
[DEBUG] setDFGNode 9 onto CGRANode 21 at cycle: 0
[cheng] synced for node: 14; check synced: 1; addr: 0x26a0a390
[cheng] synced for node: 15; check synced: 1; addr: 0x26a0a4e0
[cheng] synced for node: 20; check synced: 1; addr: 0x26a0ab70
[cheng] synced for node: 21; check synced: 1; addr: 0x26a0acc0
[DEBUG] success in schedule()
[DEBUG] schedule dfg node[10] onto fu[15] at cycle 1 within II: 4
[DEBUG] setDFGNode 10 onto CGRANode 15 at cycle: 1
[cheng] synced for node: 14; check synced: 1; addr: 0x26a0a390
[cheng] synced for node: 15; check synced: 1; addr: 0x26a0a4e0
[cheng] synced for node: 20; check synced: 1; addr: 0x26a0ab70
[cheng] synced for node: 21; check synced: 1; addr: 0x26a0acc0
[DEBUG] in allocateReg() t_cycle: 0; i: 0 CGRA node: 15; link: 0 duration 1
[DEBUG] done reg allocation
[DEBUG] occupy link[21]-->[15] (bypass:0) dfgNode: 9 at cycle 0
[DEBUG] skip predecessor routing -- dfgNode: 9
[DEBUG] success in schedule()
[DEBUG] schedule dfg node[11] onto fu[21] at cycle 2 within II: 4
[DEBUG] setDFGNode 11 onto CGRANode 21 at cycle: 2
[cheng] synced for node: 14; check synced: 1; addr: 0x26a0a390
[cheng] synced for node: 15; check synced: 1; addr: 0x26a0a4e0
[cheng] synced for node: 20; check synced: 1; addr: 0x26a0ab70
[cheng] synced for node: 21; check synced: 1; addr: 0x26a0acc0
[DEBUG] in allocateReg() t_cycle: 1; i: 0 CGRA node: 21; link: 1 duration 1
[DEBUG] done reg allocation
[DEBUG] occupy link[15]-->[21] (bypass:0) dfgNode: 10 at cycle 1
[DEBUG] skip predecessor routing -- dfgNode: 10
[DEBUG] success in schedule()
[DEBUG] schedule dfg node[1] onto fu[15] at cycle 3 within II: 4
[DEBUG] setDFGNode 1 onto CGRANode 15 at cycle: 3
[cheng] synced for node: 14; check synced: 1; addr: 0x26a0a390
[cheng] synced for node: 15; check synced: 1; addr: 0x26a0a4e0
[cheng] synced for node: 20; check synced: 1; addr: 0x26a0ab70
[cheng] synced for node: 21; check synced: 1; addr: 0x26a0acc0
[DEBUG] in allocateReg() t_cycle: 2; i: 0 CGRA node: 15; link: 0 duration 1
[DEBUG] done reg allocation
[DEBUG] occupy link[21]-->[15] (bypass:0) dfgNode: 11 at cycle 2
[DEBUG] tryToRoute -- srcDFGNode: 9, srcCGRANode: 21; dstDFGNode: 1, dstCGRANode: 15; backEdge: 0
[DEBUG] in shareSameCycle is true: node 1
[DEBUG] check route size: 2
[DEBUG] reset duration: 3 t_dstCycle: 3 previous: 0 II: 4
[DEBUG] in allocateReg() t_cycle: 0; i: 1 CGRA node: 15; link: 0 duration 3
[DEBUG] done reg allocation
[DEBUG] occupy link[21]-->[15] (bypass:0) dfgNode: 9 at cycle 0
[DEBUG] skip predecessor routing -- dfgNode: 11
[DEBUG] in shareSameCycle is true: node 1
[DEBUG] tryToRoute -- srcDFGNode: 1, srcCGRANode: 15; dstDFGNode: 9, dstCGRANode: 21; backEdge: 1
[DEBUG] in shareSameCycle is true: node 9
[DEBUG] check route size: 2
[DEBUG] reset duration: 1 t_dstCycle: 0 previous: 3 II: 4
[DEBUG] in allocateReg() t_cycle: 3; i: 0 CGRA node: 21; link: 1 duration 1
[DEBUG] done reg allocation
[DEBUG] occupy link[15]-->[21] (bypass:0) dfgNode: 1 at cycle 3
[DEBUG] success in schedule()
[DEBUG] schedule dfg node[2] onto fu[9] at cycle 4 within II: 4
[DEBUG] setDFGNode 2 onto CGRANode 9 at cycle: 4
[cheng] synced for node: 2; check synced: 1; addr: 0x26a093d0
[cheng] synced for node: 3; check synced: 1; addr: 0x26a09520
[cheng] synced for node: 8; check synced: 1; addr: 0x26a09bb0
[cheng] synced for node: 9; check synced: 1; addr: 0x26a09d00
[DEBUG] in allocateReg() t_cycle: 3; i: 0 CGRA node: 9; link: 0 duration 1
[DEBUG] done reg allocation
[DEBUG] occupy link[15]-->[9] (bypass:0) dfgNode: 1 at cycle 3
[DEBUG] skip predecessor routing -- dfgNode: 1
[DEBUG] success in schedule()
[DEBUG] no available path for DFG node 4 on CGRA node 9 within II 4; path size: 9.
[DEBUG] schedule dfg node[4] onto fu[16] at cycle 4 within II: 4
[DEBUG] setDFGNode 4 onto CGRANode 16 at cycle: 4
[cheng] synced for node: 16; check synced: 1; addr: 0x26a0a630
[cheng] synced for node: 17; check synced: 1; addr: 0x26a0a780
[cheng] synced for node: 22; check synced: 1; addr: 0x26a0ae10
[cheng] synced for node: 23; check synced: 1; addr: 0x26a0af60
[DEBUG] in allocateReg() t_cycle: 3; i: 0 CGRA node: 16; link: 2 duration 1
[DEBUG] done reg allocation
[DEBUG] occupy link[15]-->[16] (bypass:0) dfgNode: 1 at cycle 3
[DEBUG] skip predecessor routing -- dfgNode: 1
[DEBUG] success in schedule()
[DEBUG] no available path for DFG node 3 on CGRA node 1 within II 4; path size: 1.
[DEBUG] no available path for DFG node 3 on CGRA node 2 within II 4; path size: 1.
[DEBUG] no available path for DFG node 3 on CGRA node 3 within II 4; path size: 1.
[DEBUG] no available path for DFG node 3 on CGRA node 4 within II 4; path size: 1.
[DEBUG] no available path for DFG node 3 on CGRA node 5 within II 4; path size: 1.
[DEBUG] no available path for DFG node 3 on CGRA node 7 within II 4; path size: 2.
[DEBUG] no available path for DFG node 3 on CGRA node 8 within II 4; path size: 2.
[DEBUG] no available path for DFG node 3 on CGRA node 9 within II 4; path size: 2.
[DEBUG] no available path for DFG node 3 on CGRA node 10 within II 4; path size: 2.
[DEBUG] no available path for DFG node 3 on CGRA node 11 within II 4; path size: 2.
[DEBUG] no available path for DFG node 3 on CGRA node 13 within II 4; path size: 3.
[DEBUG] no available path for DFG node 3 on CGRA node 14 within II 4; path size: 3.
[DEBUG] no available path for DFG node 3 on CGRA node 15 within II 4; path size: 3.
[DEBUG] no available path for DFG node 3 on CGRA node 16 within II 4; path size: 3.
[DEBUG] no available path for DFG node 3 on CGRA node 17 within II 4; path size: 3.
[DEBUG] no available path for DFG node 3 on CGRA node 19 within II 4; path size: 4.
[DEBUG] no available path for DFG node 3 on CGRA node 20 within II 4; path size: 4.
[DEBUG] no available path for DFG node 3 on CGRA node 21 within II 4; path size: 4.
[DEBUG] no available path for DFG node 3 on CGRA node 22 within II 4; path size: 4.
[DEBUG] no available path for DFG node 3 on CGRA node 23 within II 4; path size: 4.
[DEBUG] no available path for DFG node 3 on CGRA node 25 within II 4; path size: 5.
[DEBUG] no available path for DFG node 3 on CGRA node 26 within II 4; path size: 5.
[DEBUG] no available path for DFG node 3 on CGRA node 27 within II 4; path size: 5.
[DEBUG] no available path for DFG node 3 on CGRA node 28 within II 4; path size: 5.
[DEBUG] no available path for DFG node 3 on CGRA node 29 within II 4; path size: 5.
[DEBUG] no available path for DFG node 3 on CGRA node 31 within II 4; path size: 6.
[DEBUG] no available path for DFG node 3 on CGRA node 32 within II 4; path size: 6.
[DEBUG] no available path for DFG node 3 on CGRA node 33 within II 4; path size: 6.
[DEBUG] no available path for DFG node 3 on CGRA node 34 within II 4; path size: 6.
[DEBUG] no available path for DFG node 3 on CGRA node 35 within II 4; path size: 6.
[DEBUG] schedule dfg node[3] onto fu[12] at cycle 11 within II: 4
[DEBUG] setDFGNode 3 onto CGRANode 12 at cycle: 11
[cheng] synced for node: 12; check synced: 1; addr: 0x26a0a0f0
[cheng] synced for node: 13; check synced: 1; addr: 0x26a0a240
[cheng] synced for node: 18; check synced: 1; addr: 0x26a0a8d0
[cheng] synced for node: 19; check synced: 1; addr: 0x26a0aa20
[DEBUG] occupy link[9]-->[15] (bypass:1) dfgNode: 2 at cycle 7
[DEBUG] occupy link[15]-->[14] (bypass:1) dfgNode: 2 at cycle 8
[DEBUG] occupy link[14]-->[13] (bypass:1) dfgNode: 2 at cycle 9
[DEBUG] in allocateReg() t_cycle: 10; i: 0 CGRA node: 12; link: 3 duration 1
[DEBUG] done reg allocation
[DEBUG] occupy link[13]-->[12] (bypass:0) dfgNode: 2 at cycle 10
[DEBUG] skip predecessor routing -- dfgNode: 2
[DEBUG] success in schedule()
[DEBUG] no available path for DFG node 5 on CGRA node 1 within II 4; path size: 1.
[DEBUG] no available path for DFG node 5 on CGRA node 2 within II 4; path size: 1.
[DEBUG] no available path for DFG node 5 on CGRA node 3 within II 4; path size: 1.
[DEBUG] no available path for DFG node 5 on CGRA node 4 within II 4; path size: 1.
[DEBUG] no available path for DFG node 5 on CGRA node 5 within II 4; path size: 1.
[DEBUG] no available path for DFG node 5 on CGRA node 7 within II 4; path size: 2.
[DEBUG] no available path for DFG node 5 on CGRA node 8 within II 4; path size: 2.
[DEBUG] no available path for DFG node 5 on CGRA node 9 within II 4; path size: 2.
[DEBUG] no available path for DFG node 5 on CGRA node 10 within II 4; path size: 2.
[DEBUG] no available path for DFG node 5 on CGRA node 11 within II 4; path size: 2.
[DEBUG] no available path for DFG node 5 on CGRA node 12 within II 4; path size: 2.
[DEBUG] no available path for DFG node 5 on CGRA node 13 within II 4; path size: 2.
[DEBUG] no available path for DFG node 5 on CGRA node 14 within II 4; path size: 2.
[DEBUG] no available path for DFG node 5 on CGRA node 15 within II 4; path size: 2.
[DEBUG] no available path for DFG node 5 on CGRA node 16 within II 4; path size: 2.
[DEBUG] no available path for DFG node 5 on CGRA node 17 within II 4; path size: 2.
[DEBUG] no available path for DFG node 5 on CGRA node 19 within II 4; path size: 3.
[DEBUG] no available path for DFG node 5 on CGRA node 20 within II 4; path size: 3.
[DEBUG] no available path for DFG node 5 on CGRA node 21 within II 4; path size: 3.
[DEBUG] no available path for DFG node 5 on CGRA node 22 within II 4; path size: 3.
[DEBUG] no available path for DFG node 5 on CGRA node 23 within II 4; path size: 3.
[DEBUG] no available path for DFG node 5 on CGRA node 25 within II 4; path size: 4.
[DEBUG] no available path for DFG node 5 on CGRA node 26 within II 4; path size: 4.
[DEBUG] no available path for DFG node 5 on CGRA node 27 within II 4; path size: 4.
[DEBUG] no available path for DFG node 5 on CGRA node 28 within II 4; path size: 4.
[DEBUG] no available path for DFG node 5 on CGRA node 29 within II 4; path size: 4.
[DEBUG] no available path for DFG node 5 on CGRA node 31 within II 4; path size: 5.
[DEBUG] no available path for DFG node 5 on CGRA node 32 within II 4; path size: 5.
[DEBUG] no available path for DFG node 5 on CGRA node 33 within II 4; path size: 5.
[DEBUG] no available path for DFG node 5 on CGRA node 34 within II 4; path size: 5.
[DEBUG] no available path for DFG node 5 on CGRA node 35 within II 4; path size: 5.
[DEBUG] schedule dfg node[5] onto fu[24] at cycle 14 within II: 4
[DEBUG] setDFGNode 5 onto CGRANode 24 at cycle: 14
[cheng] synced for node: 24; check synced: 1; addr: 0x26a0b0b0
[cheng] synced for node: 25; check synced: 1; addr: 0x26a0b200
[cheng] synced for node: 30; check synced: 1; addr: 0x26a0b890
[cheng] synced for node: 31; check synced: 1; addr: 0x26a0b9e0
[DEBUG] occupy link[16]-->[15] (bypass:1) dfgNode: 4 at cycle 7
[DEBUG] in allocateReg() t_cycle: 8; i: 0 CGRA node: 14; link: 3 duration 2
[DEBUG] done reg allocation
[DEBUG] occupy link[15]-->[14] (bypass:0) dfgNode: 4 at cycle 8
[DEBUG] occupy link[14]-->[20] (bypass:1) dfgNode: 4 at cycle 10
[DEBUG] occupy link[20]-->[26] (bypass:1) dfgNode: 4 at cycle 11
[DEBUG] occupy link[26]-->[25] (bypass:1) dfgNode: 4 at cycle 12
[DEBUG] in allocateReg() t_cycle: 13; i: 0 CGRA node: 24; link: 3 duration 1
[DEBUG] done reg allocation
[DEBUG] occupy link[25]-->[24] (bypass:0) dfgNode: 4 at cycle 13
[DEBUG] skip predecessor routing -- dfgNode: 4
[DEBUG] success in schedule()
[DEBUG] no available path for DFG node 6 on CGRA node 9 within II 4; path size: 9.
[DEBUG] no available path for DFG node 6 on CGRA node 12 within II 4; path size: 11.
[DEBUG] no available path for DFG node 6 on CGRA node 16 within II 4; path size: 14.
[DEBUG] no available path for DFG node 6 on CGRA node 24 within II 4; path size: 21.
[DEBUG] schedule dfg node[6] onto fu[26] at cycle 22 within II: 4
[DEBUG] setDFGNode 6 onto CGRANode 26 at cycle: 22
[cheng] synced for node: 26; check synced: 1; addr: 0x26a0b350
[cheng] synced for node: 27; check synced: 1; addr: 0x26a0b4a0
[cheng] synced for node: 32; check synced: 1; addr: 0x26a0bb30
[cheng] synced for node: 33; check synced: 1; addr: 0x26a0bc80
[DEBUG] in allocateReg() t_cycle: 17; i: 0 CGRA node: 25; link: 2 duration 1
[DEBUG] done reg allocation
[DEBUG] occupy link[24]-->[25] (bypass:0) dfgNode: 5 at cycle 17
[DEBUG] in allocateReg() t_cycle: 21; i: 0 CGRA node: 26; link: 2 duration 1
[DEBUG] done reg allocation
[DEBUG] occupy link[25]-->[26] (bypass:0) dfgNode: 5 at cycle 21
[DEBUG] tryToRoute -- srcDFGNode: 3, srcCGRANode: 12; dstDFGNode: 6, dstCGRANode: 26; backEdge: 0
[DEBUG] check route size: 7
[DEBUG] occupy link[12]-->[6] (bypass:1) dfgNode: 3 at cycle 14
[DEBUG] occupy link[6]-->[7] (bypass:1) dfgNode: 3 at cycle 15
[DEBUG] occupy link[7]-->[8] (bypass:1) dfgNode: 3 at cycle 16
[DEBUG] occupy link[8]-->[14] (bypass:1) dfgNode: 3 at cycle 17
[DEBUG] reset duration: 0 t_dstCycle: 22 previous: 18 II: 4
[DEBUG] reset duration is 0...
[DEBUG] in allocateReg() t_cycle: 18; i: 0 CGRA node: 20; link: 1 duration 4
[DEBUG] done reg allocation
[DEBUG] occupy link[14]-->[20] (bypass:0) dfgNode: 3 at cycle 18
[DEBUG] reset duration: 2 t_dstCycle: 22 previous: 20 II: 4
[DEBUG] in allocateReg() t_cycle: 20; i: 1 CGRA node: 26; link: 1 duration 2
[DEBUG] done reg allocation
[DEBUG] occupy link[20]-->[26] (bypass:0) dfgNode: 3 at cycle 20
[DEBUG] skip predecessor routing -- dfgNode: 5
[DEBUG] success in schedule()
[DEBUG] no available path for DFG node 7 on CGRA node 2 within II 4; path size: 2.
[DEBUG] no available path for DFG node 7 on CGRA node 3 within II 4; path size: 2.
[DEBUG] no available path for DFG node 7 on CGRA node 8 within II 4; path size: 6.
[DEBUG] no available path for DFG node 7 on CGRA node 9 within II 4; path size: 6.
[DEBUG] no available path for DFG node 7 on CGRA node 12 within II 4; path size: 8.
[DEBUG] no available path for DFG node 7 on CGRA node 13 within II 4; path size: 8.
[DEBUG] no available path for DFG node 7 on CGRA node 16 within II 4; path size: 10.
[DEBUG] no available path for DFG node 7 on CGRA node 17 within II 4; path size: 10.
[DEBUG] no available path for DFG node 7 on CGRA node 18 within II 4; path size: 10.
[DEBUG] no available path for DFG node 7 on CGRA node 19 within II 4; path size: 10.
[DEBUG] no available path for DFG node 7 on CGRA node 22 within II 4; path size: 12.
[DEBUG] no available path for DFG node 7 on CGRA node 23 within II 4; path size: 12.
[DEBUG] no available path for DFG node 7 on CGRA node 24 within II 4; path size: 12.
[DEBUG] no available path for DFG node 7 on CGRA node 25 within II 4; path size: 12.
[DEBUG] no available path for DFG node 7 on CGRA node 26 within II 4; path size: 12.
[DEBUG] no available path for DFG node 7 on CGRA node 27 within II 4; path size: 12.
[DEBUG] no available path for DFG node 7 on CGRA node 30 within II 4; path size: 14.
[DEBUG] no available path for DFG node 7 on CGRA node 31 within II 4; path size: 14.
[DEBUG] no available path for DFG node 7 on CGRA node 32 within II 4; path size: 14.
[DEBUG] no available path for DFG node 7 on CGRA node 33 within II 4; path size: 14.
[DEBUG] schedule dfg node[7] onto fu[20] at cycle 26 within II: 4
[DEBUG] setDFGNode 7 onto CGRANode 20 at cycle: 26
[cheng] synced for node: 14; check synced: 1; addr: 0x26a0a390
[cheng] synced for node: 15; check synced: 1; addr: 0x26a0a4e0
[cheng] synced for node: 20; check synced: 1; addr: 0x26a0ab70
[cheng] synced for node: 21; check synced: 1; addr: 0x26a0acc0
[DEBUG] in allocateReg() t_cycle: 25; i: 1 CGRA node: 20; link: 0 duration 1
[DEBUG] done reg allocation
[DEBUG] occupy link[26]-->[20] (bypass:0) dfgNode: 6 at cycle 25
[DEBUG] skip predecessor routing -- dfgNode: 6
[DEBUG] success in schedule()
[DEBUG] no available path for DFG node 0 on CGRA node 2 within II 4; path size: 2.
[DEBUG] no available path for DFG node 0 on CGRA node 3 within II 4; path size: 2.
[DEBUG] no available path for DFG node 0 on CGRA node 8 within II 4; path size: 6.
[DEBUG] no available path for DFG node 0 on CGRA node 9 within II 4; path size: 6.
[DEBUG] no available path for DFG node 0 on CGRA node 12 within II 4; path size: 8.
[DEBUG] no available path for DFG node 0 on CGRA node 13 within II 4; path size: 8.
[DEBUG] no available path for DFG node 0 on CGRA node 16 within II 4; path size: 10.
[DEBUG] no available path for DFG node 0 on CGRA node 17 within II 4; path size: 10.
[DEBUG] no available path for DFG node 0 on CGRA node 18 within II 4; path size: 10.
[DEBUG] no available path for DFG node 0 on CGRA node 19 within II 4; path size: 10.
[DEBUG] no available path for DFG node 0 on CGRA node 22 within II 4; path size: 12.
[DEBUG] no available path for DFG node 0 on CGRA node 23 within II 4; path size: 12.
[DEBUG] no available path for DFG node 0 on CGRA node 24 within II 4; path size: 12.
[DEBUG] no available path for DFG node 0 on CGRA node 25 within II 4; path size: 12.
[DEBUG] no available path for DFG node 0 on CGRA node 26 within II 4; path size: 12.
[DEBUG] no available path for DFG node 0 on CGRA node 27 within II 4; path size: 12.
[DEBUG] no available path for DFG node 0 on CGRA node 30 within II 4; path size: 14.
[DEBUG] no available path for DFG node 0 on CGRA node 31 within II 4; path size: 14.
[DEBUG] no available path for DFG node 0 on CGRA node 32 within II 4; path size: 14.
[DEBUG] no available path for DFG node 0 on CGRA node 33 within II 4; path size: 14.
[DEBUG] schedule dfg node[0] onto fu[14] at cycle 27 within II: 4
[DEBUG] setDFGNode 0 onto CGRANode 14 at cycle: 27
[cheng] synced for node: 14; check synced: 1; addr: 0x26a0a390
[cheng] synced for node: 15; check synced: 1; addr: 0x26a0a4e0
[cheng] synced for node: 20; check synced: 1; addr: 0x26a0ab70
[cheng] synced for node: 21; check synced: 1; addr: 0x26a0acc0
[DEBUG] in allocateReg() t_cycle: 26; i: 0 CGRA node: 14; link: 0 duration 1
[DEBUG] done reg allocation
[DEBUG] occupy link[20]-->[14] (bypass:0) dfgNode: 7 at cycle 26
[DEBUG] skip predecessor routing -- dfgNode: 7
[DEBUG] tryToRoute -- srcDFGNode: 11, srcCGRANode: 21; dstDFGNode: 0, dstCGRANode: 14; backEdge: 0
[DEBUG] check route size: 3
[DEBUG] occupy link[21]-->[15] (bypass:1) dfgNode: 11 at cycle 2
[DEBUG] reset duration: 0 t_dstCycle: 27 previous: 3 II: 4
[DEBUG] reset duration is 0...
[DEBUG] in allocateReg() t_cycle: 3; i: 1 CGRA node: 14; link: 3 duration 4
[DEBUG] done reg allocation
[DEBUG] occupy link[15]-->[14] (bypass:0) dfgNode: 11 at cycle 3
[DEBUG] in shareSameCycle is true: node 0
[DEBUG] tryToRoute -- srcDFGNode: 0, srcCGRANode: 14; dstDFGNode: 7, dstCGRANode: 20; backEdge: 1
[DEBUG] in shareSameCycle is true: node 7
[DEBUG] check route size: 2
[DEBUG] reset duration: 3 t_dstCycle: 26 previous: 27 II: 4
[DEBUG] in allocateReg() t_cycle: 27; i: 2 CGRA node: 20; link: 1 duration 3
[DEBUG] done reg allocation
[DEBUG] occupy link[14]-->[20] (bypass:0) dfgNode: 0 at cycle 27
[DEBUG] success in schedule()
[DEBUG] no available path for DFG node 8 on CGRA node 1 within II 4; path size: 1.
[DEBUG] no available path for DFG node 8 on CGRA node 2 within II 4; path size: 1.
[DEBUG] no available path for DFG node 8 on CGRA node 3 within II 4; path size: 1.
[DEBUG] no available path for DFG node 8 on CGRA node 4 within II 4; path size: 1.
[DEBUG] no available path for DFG node 8 on CGRA node 5 within II 4; path size: 1.
[DEBUG] no available path for DFG node 8 on CGRA node 7 within II 4; path size: 2.
[DEBUG] no available path for DFG node 8 on CGRA node 8 within II 4; path size: 2.
[DEBUG] no available path for DFG node 8 on CGRA node 9 within II 4; path size: 2.
[DEBUG] no available path for DFG node 8 on CGRA node 10 within II 4; path size: 2.
[DEBUG] no available path for DFG node 8 on CGRA node 11 within II 4; path size: 2.
[DEBUG] no available path for DFG node 8 on CGRA node 12 within II 4; path size: 2.
[DEBUG] no available path for DFG node 8 on CGRA node 13 within II 4; path size: 2.
[DEBUG] no available path for DFG node 8 on CGRA node 14 within II 4; path size: 2.
[DEBUG] no available path for DFG node 8 on CGRA node 15 within II 4; path size: 2.
[DEBUG] no available path for DFG node 8 on CGRA node 16 within II 4; path size: 2.
[DEBUG] no available path for DFG node 8 on CGRA node 17 within II 4; path size: 2.
[DEBUG] no available path for DFG node 8 on CGRA node 19 within II 4; path size: 3.
[DEBUG] no available path for DFG node 8 on CGRA node 20 within II 4; path size: 3.
[DEBUG] no available path for DFG node 8 on CGRA node 21 within II 4; path size: 3.
[DEBUG] no available path for DFG node 8 on CGRA node 22 within II 4; path size: 3.
[DEBUG] no available path for DFG node 8 on CGRA node 23 within II 4; path size: 3.
[DEBUG] no available path for DFG node 8 on CGRA node 24 within II 4; path size: 3.
[DEBUG] no available path for DFG node 8 on CGRA node 25 within II 4; path size: 3.
[DEBUG] no available path for DFG node 8 on CGRA node 26 within II 4; path size: 3.
[DEBUG] no available path for DFG node 8 on CGRA node 27 within II 4; path size: 3.
[DEBUG] no available path for DFG node 8 on CGRA node 28 within II 4; path size: 3.
[DEBUG] no available path for DFG node 8 on CGRA node 29 within II 4; path size: 3.
[DEBUG] no available path for DFG node 8 on CGRA node 31 within II 4; path size: 4.
[DEBUG] no available path for DFG node 8 on CGRA node 32 within II 4; path size: 4.
[DEBUG] no available path for DFG node 8 on CGRA node 33 within II 4; path size: 4.
[DEBUG] no available path for DFG node 8 on CGRA node 34 within II 4; path size: 4.
[DEBUG] no available path for DFG node 8 on CGRA node 35 within II 4; path size: 4.
[DEBUG] schedule dfg node[8] onto fu[6] at cycle 31 within II: 4
[DEBUG] setDFGNode 8 onto CGRANode 6 at cycle: 31
[cheng] synced for node: 0; check synced: 1; addr: 0x26a09130
[cheng] synced for node: 1; check synced: 1; addr: 0x26a09280
[cheng] synced for node: 6; check synced: 1; addr: 0x26a09910
[cheng] synced for node: 7; check synced: 1; addr: 0x26a09a60
[DEBUG] occupy link[20]-->[14] (bypass:1) dfgNode: 7 at cycle 26
[DEBUG] in allocateReg() t_cycle: 27; i: 0 CGRA node: 8; link: 0 duration 0
[DEBUG] done reg allocation
[DEBUG] occupy link[14]-->[8] (bypass:0) dfgNode: 7 at cycle 27
[DEBUG] occupy link[8]-->[7] (bypass:1) dfgNode: 7 at cycle 29
[DEBUG] in allocateReg() t_cycle: 30; i: 0 CGRA node: 6; link: 3 duration 1
[DEBUG] done reg allocation
[DEBUG] occupy link[7]-->[6] (bypass:0) dfgNode: 7 at cycle 30
[DEBUG] skip predecessor routing -- dfgNode: 7
[DEBUG] success in schedule()
Mapping algorithm elapsed time=332ms
--------------------------- cycle:0 ---------------------------
[     ]   [     ]   [     ]   [     ]   [     ]   [     ]
                                                       
[     ]   [     ] ← [     ]   [     ]   [     ]   [     ]
                       ↑                               
[     ]   [     ]   [     ]   [  9  ]   [     ]   [     ]
                                 ↓                     
[     ]   [     ]   [     ] ← [     ]   [     ]   [     ]
                                                       
[     ]   [     ] → [     ]   [     ]   [     ]   [     ]
                                                       
[     ]   [     ]   [     ]   [     ]   [     ]   [     ]
--------------------------- cycle:1 ---------------------------
[     ]   [     ]   [     ]   [     ]   [     ]   [     ]
                                                       
[     ] ⇄ [     ] → [     ]   [     ]   [     ]   [     ]
                       ↓                               
[     ]   [     ]   [     ]   [     ]   [     ]   [     ]
                                 ↑                     
[     ]   [     ] ← [     ]   [ 10  ]   [     ]   [     ]
                       ↑                               
[     ]   [     ] ← [     ]   [     ]   [     ]   [     ]
                                                       
[     ]   [     ]   [     ]   [     ]   [     ]   [     ]
--------------------------- cycle:2 ---------------------------
[     ]   [     ]   [     ]   [     ]   [     ]   [     ]
                                                       
[     ]   [     ]   [     ]   [     ]   [     ]   [     ]
                                                       
[     ]   [     ]   [     ]   [ 11  ]   [     ]   [     ]
                       ⇅         ↓                     
[     ] ← [     ]   [     ]   [     ]   [     ]   [     ]
   ↓                                                   
[     ] ← [     ]   [     ]   [     ]   [     ]   [     ]
                                                       
[     ]   [     ]   [     ]   [     ]   [     ]   [     ]
--------------------------- cycle:3 ---------------------------
[     ]   [     ]   [     ]   [     ]   [     ]   [     ]
                                                       
[     ]   [     ]   [     ]   [     ]   [     ]   [     ]
                       ↑                               
[     ]   [     ]   [     ]   [     ]   [     ]   [     ]
                       ↑         ↑                     
[     ]   [     ]   [     ] ← [  1  ] ⇄ [     ]   [     ]
                       ↓         ⇅                     
[     ] → [     ]   [     ]   [     ]   [     ]   [     ]
                                                       
[     ]   [     ]   [     ]   [     ]   [     ]   [     ]
--------------------------- cycle:4 ---------------------------
[     ]   [     ]   [     ]   [     ]   [     ]   [     ]
                                                       
[     ]   [     ] ← [     ]   [     ]   [     ]   [     ]
                       ↑                               
[     ]   [     ]   [     ]   [  9  ]   [     ]   [     ]
                                 ↓                     
[     ]   [     ]   [     ] ← [     ]   [  4  ]   [     ]
                                                       
[     ]   [     ] → [     ]   [  2  ]   [     ]   [     ]
                                                       
[     ]   [     ]   [     ]   [     ]   [     ]   [     ]
--------------------------- cycle:5 ---------------------------
[     ]   [     ]   [     ]   [     ]   [     ]   [     ]
                                                       
[     ] ⇄ [     ] → [     ]   [     ]   [     ]   [     ]
                       ↓                               
[     ]   [     ]   [     ]   [     ]   [     ]   [     ]
                                 ↑                     
[     ]   [     ] ← [     ]   [ 10  ]   [     ]   [     ]
                       ↑                               
[     ]   [     ] ← [     ]   [     ]   [     ]   [     ]
                                                       
[     ]   [     ]   [     ]   [     ]   [     ]   [     ]
--------------------------- cycle:6 ---------------------------
[     ]   [     ]   [     ]   [     ]   [     ]   [     ]
                                                       
[     ]   [     ]   [     ]   [     ]   [     ]   [     ]
                                                       
[     ]   [     ]   [     ]   [ 11  ]   [     ]   [     ]
                       ⇅         ↓                     
[     ] ← [     ]   [     ]   [     ]   [     ]   [     ]
   ↓                                                   
[     ] ← [     ]   [     ]   [     ]   [     ]   [     ]
                                                       
[     ]   [     ]   [     ]   [     ]   [     ]   [     ]
--------------------------- cycle:7 ---------------------------
[     ]   [     ]   [     ]   [     ]   [     ]   [     ]
                                                       
[     ]   [     ]   [     ]   [     ]   [     ]   [     ]
                       ↑                               
[     ]   [     ]   [     ]   [     ]   [     ]   [     ]
                       ↑         ↑                     
[     ]   [     ]   [     ] ← [  1  ] ⇄ [     ]   [     ]
                       ↓         ⇅                     
[     ] → [     ]   [     ]   [     ]   [     ]   [     ]
                                                       
[     ]   [     ]   [     ]   [     ]   [     ]   [     ]
--------------------------- cycle:8 ---------------------------
[     ]   [     ]   [     ]   [     ]   [     ]   [     ]
                                                       
[     ]   [     ] ← [     ]   [     ]   [     ]   [     ]
                       ↑                               
[     ]   [     ]   [     ]   [  9  ]   [     ]   [     ]
                                 ↓                     
[     ]   [     ]   [     ] ← [     ]   [  4  ]   [     ]
                                                       
[     ]   [     ] → [     ]   [  2  ]   [     ]   [     ]
                                                       
[     ]   [     ]   [     ]   [     ]   [     ]   [     ]
--------------------------- cycle:9 ---------------------------
[     ]   [     ]   [     ]   [     ]   [     ]   [     ]
                                                       
[     ] ⇄ [     ] → [     ]   [     ]   [     ]   [     ]
                       ↓                               
[     ]   [     ]   [     ]   [     ]   [     ]   [     ]
                                 ↑                     
[     ]   [     ] ← [     ]   [ 10  ]   [     ]   [     ]
                       ↑                               
[     ]   [     ] ← [     ]   [     ]   [     ]   [     ]
                                                       
[     ]   [     ]   [     ]   [     ]   [     ]   [     ]
--------------------------- cycle:10 ---------------------------
[     ]   [     ]   [     ]   [     ]   [     ]   [     ]
                                                       
[     ]   [     ]   [     ]   [     ]   [     ]   [     ]
                                                       
[     ]   [     ]   [     ]   [ 11  ]   [     ]   [     ]
                       ⇅         ↓                     
[     ] ← [     ]   [     ]   [     ]   [     ]   [     ]
   ↓                                                   
[     ] ← [     ]   [     ]   [     ]   [     ]   [     ]
                                                       
[     ]   [     ]   [     ]   [     ]   [     ]   [     ]
--------------------------- cycle:11 ---------------------------
[     ]   [     ]   [     ]   [     ]   [     ]   [     ]
                                                       
[     ]   [     ]   [     ]   [     ]   [     ]   [     ]
                       ↑                               
[     ]   [     ]   [     ]   [     ]   [     ]   [     ]
                       ↑         ↑                     
[  3  ]   [     ]   [     ] ← [  1  ] ⇄ [     ]   [     ]
                       ↓         ⇅                     
[     ] → [     ]   [     ]   [     ]   [     ]   [     ]
                                                       
[     ]   [     ]   [     ]   [     ]   [     ]   [     ]
--------------------------- cycle:12 ---------------------------
[     ]   [     ]   [     ]   [     ]   [     ]   [     ]
                                                       
[     ]   [     ] ← [     ]   [     ]   [     ]   [     ]
                       ↑                               
[     ]   [     ]   [     ]   [  9  ]   [     ]   [     ]
                                 ↓                     
[     ]   [     ]   [     ] ← [     ]   [  4  ]   [     ]
                                                       
[     ]   [     ] → [     ]   [  2  ]   [     ]   [     ]
                                                       
[     ]   [     ]   [     ]   [     ]   [     ]   [     ]
--------------------------- cycle:13 ---------------------------
[     ]   [     ]   [     ]   [     ]   [     ]   [     ]
                                                       
[     ] ⇄ [     ] → [     ]   [     ]   [     ]   [     ]
                       ↓                               
[     ]   [     ]   [     ]   [     ]   [     ]   [     ]
                                 ↑                     
[     ]   [     ] ← [     ]   [ 10  ]   [     ]   [     ]
                       ↑                               
[     ]   [     ] ← [     ]   [     ]   [     ]   [     ]
                                                       
[     ]   [     ]   [     ]   [     ]   [     ]   [     ]
--------------------------- cycle:14 ---------------------------
[     ]   [     ]   [     ]   [     ]   [     ]   [     ]
                                                       
[  5  ]   [     ]   [     ]   [     ]   [     ]   [     ]
                                                       
[     ]   [     ]   [     ]   [ 11  ]   [     ]   [     ]
                       ⇅         ↓                     
[     ] ← [     ]   [     ]   [     ]   [     ]   [     ]
   ↓                                                   
[     ] ← [     ]   [     ]   [     ]   [     ]   [     ]
                                                       
[     ]   [     ]   [     ]   [     ]   [     ]   [     ]
--------------------------- cycle:15 ---------------------------
[     ]   [     ]   [     ]   [     ]   [     ]   [     ]
                                                       
[     ]   [     ]   [     ]   [     ]   [     ]   [     ]
                       ↑                               
[     ]   [     ]   [     ]   [     ]   [     ]   [     ]
                       ↑         ↑                     
[  3  ]   [     ]   [     ] ← [  1  ] ⇄ [     ]   [     ]
                       ↓         ⇅                     
[     ] → [     ]   [     ]   [     ]   [     ]   [     ]
                                                       
[     ]   [     ]   [     ]   [     ]   [     ]   [     ]
--------------------------- cycle:16 ---------------------------
[     ]   [     ]   [     ]   [     ]   [     ]   [     ]
                                                       
[     ]   [     ] ← [     ]   [     ]   [     ]   [     ]
                       ↑                               
[     ]   [     ]   [     ]   [  9  ]   [     ]   [     ]
                                 ↓                     
[     ]   [     ]   [     ] ← [     ]   [  4  ]   [     ]
                                                       
[     ]   [     ] → [     ]   [  2  ]   [     ]   [     ]
                                                       
[     ]   [     ]   [     ]   [     ]   [     ]   [     ]
--------------------------- cycle:17 ---------------------------
[     ]   [     ]   [     ]   [     ]   [     ]   [     ]
                                                       
[     ] ⇄ [     ] → [     ]   [     ]   [     ]   [     ]
                       ↓                               
[     ]   [     ]   [     ]   [     ]   [     ]   [     ]
                                 ↑                     
[     ]   [     ] ← [     ]   [ 10  ]   [     ]   [     ]
                       ↑                               
[     ]   [     ] ← [     ]   [     ]   [     ]   [     ]
                                                       
[     ]   [     ]   [     ]   [     ]   [     ]   [     ]
--------------------------- cycle:18 ---------------------------
[     ]   [     ]   [     ]   [     ]   [     ]   [     ]
                                                       
[  5  ]   [     ]   [     ]   [     ]   [     ]   [     ]
                                                       
[     ]   [     ]   [     ]   [ 11  ]   [     ]   [     ]
                       ⇅         ↓                     
[     ] ← [     ]   [     ]   [     ]   [     ]   [     ]
   ↓                                                   
[     ] ← [     ]   [     ]   [     ]   [     ]   [     ]
                                                       
[     ]   [     ]   [     ]   [     ]   [     ]   [     ]
--------------------------- cycle:19 ---------------------------
[     ]   [     ]   [     ]   [     ]   [     ]   [     ]
                                                       
[     ]   [     ]   [     ]   [     ]   [     ]   [     ]
                       ↑                               
[     ]   [     ]   [     ]   [     ]   [     ]   [     ]
                       ↑         ↑                     
[  3  ]   [     ]   [     ] ← [  1  ] ⇄ [     ]   [     ]
                       ↓         ⇅                     
[     ] → [     ]   [     ]   [     ]   [     ]   [     ]
                                                       
[     ]   [     ]   [     ]   [     ]   [     ]   [     ]
--------------------------- cycle:20 ---------------------------
[     ]   [     ]   [     ]   [     ]   [     ]   [     ]
                                                       
[     ]   [     ] ← [     ]   [     ]   [     ]   [     ]
                       ↑                               
[     ]   [     ]   [     ]   [  9  ]   [     ]   [     ]
                                 ↓                     
[     ]   [     ]   [     ] ← [     ]   [  4  ]   [     ]
                                                       
[     ]   [     ] → [     ]   [  2  ]   [     ]   [     ]
                                                       
[     ]   [     ]   [     ]   [     ]   [     ]   [     ]
--------------------------- cycle:21 ---------------------------
[     ]   [     ]   [     ]   [     ]   [     ]   [     ]
                                                       
[     ] ⇄ [     ] → [     ]   [     ]   [     ]   [     ]
                       ↓                               
[     ]   [     ]   [     ]   [     ]   [     ]   [     ]
                                 ↑                     
[     ]   [     ] ← [     ]   [ 10  ]   [     ]   [     ]
                       ↑                               
[     ]   [     ] ← [     ]   [     ]   [     ]   [     ]
                                                       
[     ]   [     ]   [     ]   [     ]   [     ]   [     ]
--------------------------- cycle:22 ---------------------------
[     ]   [     ]   [     ]   [     ]   [     ]   [     ]
                                                       
[  5  ]   [     ]   [  6  ]   [     ]   [     ]   [     ]
                                                       
[     ]   [     ]   [     ]   [ 11  ]   [     ]   [     ]
                       ⇅         ↓                     
[     ] ← [     ]   [     ]   [     ]   [     ]   [     ]
   ↓                                                   
[     ] ← [     ]   [     ]   [     ]   [     ]   [     ]
                                                       
[     ]   [     ]   [     ]   [     ]   [     ]   [     ]
--------------------------- cycle:23 ---------------------------
[     ]   [     ]   [     ]   [     ]   [     ]   [     ]
                                                       
[     ]   [     ]   [     ]   [     ]   [     ]   [     ]
                       ↑                               
[     ]   [     ]   [     ]   [     ]   [     ]   [     ]
                       ↑         ↑                     
[  3  ]   [     ]   [     ] ← [  1  ] ⇄ [     ]   [     ]
                       ↓         ⇅                     
[     ] → [     ]   [     ]   [     ]   [     ]   [     ]
                                                       
[     ]   [     ]   [     ]   [     ]   [     ]   [     ]
--------------------------- cycle:24 ---------------------------
[     ]   [     ]   [     ]   [     ]   [     ]   [     ]
                                                       
[     ]   [     ] ← [     ]   [     ]   [     ]   [     ]
                       ↑                               
[     ]   [     ]   [     ]   [  9  ]   [     ]   [     ]
                                 ↓                     
[     ]   [     ]   [     ] ← [     ]   [  4  ]   [     ]
                                                       
[     ]   [     ] → [     ]   [  2  ]   [     ]   [     ]
                                                       
[     ]   [     ]   [     ]   [     ]   [     ]   [     ]
--------------------------- cycle:25 ---------------------------
[     ]   [     ]   [     ]   [     ]   [     ]   [     ]
                                                       
[     ] ⇄ [     ] → [     ]   [     ]   [     ]   [     ]
                       ↓                               
[     ]   [     ]   [     ]   [     ]   [     ]   [     ]
                                 ↑                     
[     ]   [     ] ← [     ]   [ 10  ]   [     ]   [     ]
                       ↑                               
[     ]   [     ] ← [     ]   [     ]   [     ]   [     ]
                                                       
[     ]   [     ]   [     ]   [     ]   [     ]   [     ]
--------------------------- cycle:26 ---------------------------
[     ]   [     ]   [     ]   [     ]   [     ]   [     ]
                                                       
[  5  ]   [     ]   [  6  ]   [     ]   [     ]   [     ]
                                                       
[     ]   [     ]   [  7  ]   [ 11  ]   [     ]   [     ]
                       ⇅         ↓                     
[     ] ← [     ]   [     ]   [     ]   [     ]   [     ]
   ↓                                                   
[     ] ← [     ]   [     ]   [     ]   [     ]   [     ]
                                                       
[     ]   [     ]   [     ]   [     ]   [     ]   [     ]
--------------------------- cycle:27 ---------------------------
[     ]   [     ]   [     ]   [     ]   [     ]   [     ]
                                                       
[     ]   [     ]   [     ]   [     ]   [     ]   [     ]
                       ↑                               
[     ]   [     ]   [     ]   [     ]   [     ]   [     ]
                       ↑         ↑                     
[  3  ]   [     ]   [  0  ] ← [  1  ] ⇄ [     ]   [     ]
                       ↓         ⇅                     
[     ] → [     ]   [     ]   [     ]   [     ]   [     ]
                                                       
[     ]   [     ]   [     ]   [     ]   [     ]   [     ]
--------------------------- cycle:28 ---------------------------
[     ]   [     ]   [     ]   [     ]   [     ]   [     ]
                                                       
[     ]   [     ] ← [     ]   [     ]   [     ]   [     ]
                       ↑                               
[     ]   [     ]   [     ]   [  9  ]   [     ]   [     ]
                                 ↓                     
[     ]   [     ]   [     ] ← [     ]   [  4  ]   [     ]
                                                       
[     ]   [     ] → [     ]   [  2  ]   [     ]   [     ]
                                                       
[     ]   [     ]   [     ]   [     ]   [     ]   [     ]
--------------------------- cycle:29 ---------------------------
[     ]   [     ]   [     ]   [     ]   [     ]   [     ]
                                                       
[     ] ⇄ [     ] → [     ]   [     ]   [     ]   [     ]
                       ↓                               
[     ]   [     ]   [     ]   [     ]   [     ]   [     ]
                                 ↑                     
[     ]   [     ] ← [     ]   [ 10  ]   [     ]   [     ]
                       ↑                               
[     ]   [     ] ← [     ]   [     ]   [     ]   [     ]
                                                       
[     ]   [     ]   [     ]   [     ]   [     ]   [     ]
--------------------------- cycle:30 ---------------------------
[     ]   [     ]   [     ]   [     ]   [     ]   [     ]
                                                       
[  5  ]   [     ]   [  6  ]   [     ]   [     ]   [     ]
                                                       
[     ]   [     ]   [  7  ]   [ 11  ]   [     ]   [     ]
                       ⇅         ↓                     
[     ] ← [     ]   [     ]   [     ]   [     ]   [     ]
   ↓                                                   
[     ] ← [     ]   [     ]   [     ]   [     ]   [     ]
                                                       
[     ]   [     ]   [     ]   [     ]   [     ]   [     ]
--------------------------- cycle:31 ---------------------------
[     ]   [     ]   [     ]   [     ]   [     ]   [     ]
                                                       
[     ]   [     ]   [     ]   [     ]   [     ]   [     ]
                       ↑                               
[     ]   [     ]   [     ]   [     ]   [     ]   [     ]
                       ↑         ↑                     
[  3  ]   [     ]   [  0  ] ← [  1  ] ⇄ [     ]   [     ]
                       ↓         ⇅                     
[  8  ] → [     ]   [     ]   [     ]   [     ]   [     ]
                                                       
[     ]   [     ]   [     ]   [     ]   [     ]   [     ]
--------------------------- cycle:32 ---------------------------
[     ]   [     ]   [     ]   [     ]   [     ]   [     ]
                                                       
[     ]   [     ] ← [     ]   [     ]   [     ]   [     ]
                       ↑                               
[     ]   [     ]   [     ]   [  9  ]   [     ]   [     ]
                                 ↓                     
[     ]   [     ]   [     ] ← [     ]   [  4  ]   [     ]
                                                       
[     ]   [     ] → [     ]   [  2  ]   [     ]   [     ]
                                                       
[     ]   [     ]   [     ]   [     ]   [     ]   [     ]
--------------------------- cycle:33 ---------------------------
[     ]   [     ]   [     ]   [     ]   [     ]   [     ]
                                                       
[     ] ⇄ [     ] → [     ]   [     ]   [     ]   [     ]
                       ↓                               
[     ]   [     ]   [     ]   [     ]   [     ]   [     ]
                                 ↑                     
[     ]   [     ] ← [     ]   [ 10  ]   [     ]   [     ]
                       ↑                               
[     ]   [     ] ← [     ]   [     ]   [     ]   [     ]
                                                       
[     ]   [     ]   [     ]   [     ]   [     ]   [     ]
--------------------------- cycle:34 ---------------------------
[     ]   [     ]   [     ]   [     ]   [     ]   [     ]
                                                       
[  5  ]   [     ]   [  6  ]   [     ]   [     ]   [     ]
                                                       
[     ]   [     ]   [  7  ]   [ 11  ]   [     ]   [     ]
                       ⇅         ↓                     
[     ] ← [     ]   [     ]   [     ]   [     ]   [     ]
   ↓                                                   
[     ] ← [     ]   [     ]   [     ]   [     ]   [     ]
                                                       
[     ]   [     ]   [     ]   [     ]   [     ]   [     ]
--------------------------- cycle:35 ---------------------------
[     ]   [     ]   [     ]   [     ]   [     ]   [     ]
                                                       
[     ]   [     ]   [     ]   [     ]   [     ]   [     ]
                       ↑                               
[     ]   [     ]   [     ]   [     ]   [     ]   [     ]
                       ↑         ↑                     
[  3  ]   [     ]   [  0  ] ← [  1  ] ⇄ [     ]   [     ]
                       ↓         ⇅                     
[  8  ] → [     ]   [     ]   [     ]   [     ]   [     ]
                                                       
[     ]   [     ]   [     ]   [     ]   [     ]   [     ]
--------------------------- cycle:36 ---------------------------
[     ]   [     ]   [     ]   [     ]   [     ]   [     ]
                                                       
[     ]   [     ] ← [     ]   [     ]   [     ]   [     ]
                       ↑                               
[     ]   [     ]   [     ]   [  9  ]   [     ]   [     ]
                                 ↓                     
[     ]   [     ]   [     ] ← [     ]   [  4  ]   [     ]
                                                       
[     ]   [     ] → [     ]   [  2  ]   [     ]   [     ]
                                                       
[     ]   [     ]   [     ]   [     ]   [     ]   [     ]
--------------------------- cycle:37 ---------------------------
[     ]   [     ]   [     ]   [     ]   [     ]   [     ]
                                                       
[     ] ⇄ [     ] → [     ]   [     ]   [     ]   [     ]
                       ↓                               
[     ]   [     ]   [     ]   [     ]   [     ]   [     ]
                                 ↑                     
[     ]   [     ] ← [     ]   [ 10  ]   [     ]   [     ]
                       ↑                               
[     ]   [     ] ← [     ]   [     ]   [     ]   [     ]
                                                       
[     ]   [     ]   [     ]   [     ]   [     ]   [     ]
--------------------------- cycle:38 ---------------------------
[     ]   [     ]   [     ]   [     ]   [     ]   [     ]
                                                       
[  5  ]   [     ]   [  6  ]   [     ]   [     ]   [     ]
                                                       
[     ]   [     ]   [  7  ]   [ 11  ]   [     ]   [     ]
                       ⇅         ↓                     
[     ] ← [     ]   [     ]   [     ]   [     ]   [     ]
   ↓                                                   
[     ] ← [     ]   [     ]   [     ]   [     ]   [     ]
                                                       
[     ]   [     ]   [     ]   [     ]   [     ]   [     ]
--------------------------- cycle:39 ---------------------------
[     ]   [     ]   [     ]   [     ]   [     ]   [     ]
                                                       
[     ]   [     ]   [     ]   [     ]   [     ]   [     ]
                       ↑                               
[     ]   [     ]   [     ]   [     ]   [     ]   [     ]
                       ↑         ↑                     
[  3  ]   [     ]   [  0  ] ← [  1  ] ⇄ [     ]   [     ]
                       ↓         ⇅                     
[  8  ] → [     ]   [     ]   [     ]   [     ]   [     ]
                                                       
[     ]   [     ]   [     ]   [     ]   [     ]   [     ]
--------------------------- cycle:40 ---------------------------
[     ]   [     ]   [     ]   [     ]   [     ]   [     ]
                                                       
[     ]   [     ] ← [     ]   [     ]   [     ]   [     ]
                       ↑                               
[     ]   [     ]   [     ]   [  9  ]   [     ]   [     ]
                                 ↓                     
[     ]   [     ]   [     ] ← [     ]   [  4  ]   [     ]
                                                       
[     ]   [     ] → [     ]   [  2  ]   [     ]   [     ]
                                                       
[     ]   [     ]   [     ]   [     ]   [     ]   [     ]
--------------------------- cycle:41 ---------------------------
[     ]   [     ]   [     ]   [     ]   [     ]   [     ]
                                                       
[     ] ⇄ [     ] → [     ]   [     ]   [     ]   [     ]
                       ↓                               
[     ]   [     ]   [     ]   [     ]   [     ]   [     ]
                                 ↑                     
[     ]   [     ] ← [     ]   [ 10  ]   [     ]   [     ]
                       ↑                               
[     ]   [     ] ← [     ]   [     ]   [     ]   [     ]
                                                       
[     ]   [     ]   [     ]   [     ]   [     ]   [     ]
--------------------------- cycle:42 ---------------------------
[     ]   [     ]   [     ]   [     ]   [     ]   [     ]
                                                       
[  5  ]   [     ]   [  6  ]   [     ]   [     ]   [     ]
                                                       
[     ]   [     ]   [  7  ]   [ 11  ]   [     ]   [     ]
                       ⇅         ↓                     
[     ] ← [     ]   [     ]   [     ]   [     ]   [     ]
   ↓                                                   
[     ] ← [     ]   [     ]   [     ]   [     ]   [     ]
                                                       
[     ]   [     ]   [     ]   [     ]   [     ]   [     ]
--------------------------- cycle:43 ---------------------------
[     ]   [     ]   [     ]   [     ]   [     ]   [     ]
                                                       
[     ]   [     ]   [     ]   [     ]   [     ]   [     ]
                       ↑                               
[     ]   [     ]   [     ]   [     ]   [     ]   [     ]
                       ↑         ↑                     
[  3  ]   [     ]   [  0  ] ← [  1  ] ⇄ [     ]   [     ]
                       ↓         ⇅                     
[  8  ] → [     ]   [     ]   [     ]   [     ]   [     ]
                                                       
[     ]   [     ]   [     ]   [     ]   [     ]   [     ]
--------------------------- cycle:44 ---------------------------
[     ]   [     ]   [     ]   [     ]   [     ]   [     ]
                                                       
[     ]   [     ] ← [     ]   [     ]   [     ]   [     ]
                       ↑                               
[     ]   [     ]   [     ]   [  9  ]   [     ]   [     ]
                                 ↓                     
[     ]   [     ]   [     ] ← [     ]   [  4  ]   [     ]
                                                       
[     ]   [     ] → [     ]   [  2  ]   [     ]   [     ]
                                                       
[     ]   [     ]   [     ]   [     ]   [     ]   [     ]
--------------------------- cycle:45 ---------------------------
[     ]   [     ]   [     ]   [     ]   [     ]   [     ]
                                                       
[     ] ⇄ [     ] → [     ]   [     ]   [     ]   [     ]
                       ↓                               
[     ]   [     ]   [     ]   [     ]   [     ]   [     ]
                                 ↑                     
[     ]   [     ] ← [     ]   [ 10  ]   [     ]   [     ]
                       ↑                               
[     ]   [     ] ← [     ]   [     ]   [     ]   [     ]
                                                       
[     ]   [     ]   [     ]   [     ]   [     ]   [     ]
--------------------------- cycle:46 ---------------------------
[     ]   [     ]   [     ]   [     ]   [     ]   [     ]
                                                       
[  5  ]   [     ]   [  6  ]   [     ]   [     ]   [     ]
                                                       
[     ]   [     ]   [  7  ]   [ 11  ]   [     ]   [     ]
                       ⇅         ↓                     
[     ] ← [     ]   [     ]   [     ]   [     ]   [     ]
   ↓                                                   
[     ] ← [     ]   [     ]   [     ]   [     ]   [     ]
                                                       
[     ]   [     ]   [     ]   [     ]   [     ]   [     ]
--------------------------- cycle:47 ---------------------------
[     ]   [     ]   [     ]   [     ]   [     ]   [     ]
                                                       
[     ]   [     ]   [     ]   [     ]   [     ]   [     ]
                       ↑                               
[     ]   [     ]   [     ]   [     ]   [     ]   [     ]
                       ↑         ↑                     
[  3  ]   [     ]   [  0  ] ← [  1  ] ⇄ [     ]   [     ]
                       ↓         ⇅                     
[  8  ] → [     ]   [     ]   [     ]   [     ]   [     ]
                                                       
[     ]   [     ]   [     ]   [     ]   [     ]   [     ]
--------------------------- cycle:48 ---------------------------
[     ]   [     ]   [     ]   [     ]   [     ]   [     ]
                                                       
[     ]   [     ] ← [     ]   [     ]   [     ]   [     ]
                       ↑                               
[     ]   [     ]   [     ]   [  9  ]   [     ]   [     ]
                                 ↓                     
[     ]   [     ]   [     ] ← [     ]   [  4  ]   [     ]
                                                       
[     ]   [     ] → [     ]   [  2  ]   [     ]   [     ]
                                                       
[     ]   [     ]   [     ]   [     ]   [     ]   [     ]
--------------------------- cycle:49 ---------------------------
[     ]   [     ]   [     ]   [     ]   [     ]   [     ]
                                                       
[     ] ⇄ [     ] → [     ]   [     ]   [     ]   [     ]
                       ↓                               
[     ]   [     ]   [     ]   [     ]   [     ]   [     ]
                                 ↑                     
[     ]   [     ] ← [     ]   [ 10  ]   [     ]   [     ]
                       ↑                               
[     ]   [     ] ← [     ]   [     ]   [     ]   [     ]
                                                       
[     ]   [     ]   [     ]   [     ]   [     ]   [     ]
--------------------------- cycle:50 ---------------------------
[     ]   [     ]   [     ]   [     ]   [     ]   [     ]
                                                       
[  5  ]   [     ]   [  6  ]   [     ]   [     ]   [     ]
                                                       
[     ]   [     ]   [  7  ]   [ 11  ]   [     ]   [     ]
                       ⇅         ↓                     
[     ] ← [     ]   [     ]   [     ]   [     ]   [     ]
   ↓                                                   
[     ] ← [     ]   [     ]   [     ]   [     ]   [     ]
                                                       
[     ]   [     ]   [     ]   [     ]   [     ]   [     ]
--------------------------- cycle:51 ---------------------------
[     ]   [     ]   [     ]   [     ]   [     ]   [     ]
                                                       
[     ]   [     ]   [     ]   [     ]   [     ]   [     ]
                       ↑                               
[     ]   [     ]   [     ]   [     ]   [     ]   [     ]
                       ↑         ↑                     
[  3  ]   [     ]   [  0  ] ← [  1  ] ⇄ [     ]   [     ]
                       ↓         ⇅                     
[  8  ] → [     ]   [     ]   [     ]   [     ]   [     ]
                                                       
[     ]   [     ]   [     ]   [     ]   [     ]   [     ]
--------------------------- cycle:52 ---------------------------
[     ]   [     ]   [     ]   [     ]   [     ]   [     ]
                                                       
[     ]   [     ] ← [     ]   [     ]   [     ]   [     ]
                       ↑                               
[     ]   [     ]   [     ]   [  9  ]   [     ]   [     ]
                                 ↓                     
[     ]   [     ]   [     ] ← [     ]   [  4  ]   [     ]
                                                       
[     ]   [     ] → [     ]   [  2  ]   [     ]   [     ]
                                                       
[     ]   [     ]   [     ]   [     ]   [     ]   [     ]
--------------------------- cycle:53 ---------------------------
[     ]   [     ]   [     ]   [     ]   [     ]   [     ]
                                                       
[     ] ⇄ [     ] → [     ]   [     ]   [     ]   [     ]
                       ↓                               
[     ]   [     ]   [     ]   [     ]   [     ]   [     ]
                                 ↑                     
[     ]   [     ] ← [     ]   [ 10  ]   [     ]   [     ]
                       ↑                               
[     ]   [     ] ← [     ]   [     ]   [     ]   [     ]
                                                       
[     ]   [     ]   [     ]   [     ]   [     ]   [     ]
--------------------------- cycle:54 ---------------------------
[     ]   [     ]   [     ]   [     ]   [     ]   [     ]
                                                       
[  5  ]   [     ]   [  6  ]   [     ]   [     ]   [     ]
                                                       
[     ]   [     ]   [  7  ]   [ 11  ]   [     ]   [     ]
                       ⇅         ↓                     
[     ] ← [     ]   [     ]   [     ]   [     ]   [     ]
   ↓                                                   
[     ] ← [     ]   [     ]   [     ]   [     ]   [     ]
                                                       
[     ]   [     ]   [     ]   [     ]   [     ]   [     ]
--------------------------- cycle:55 ---------------------------
[     ]   [     ]   [     ]   [     ]   [     ]   [     ]
                                                       
[     ]   [     ]   [     ]   [     ]   [     ]   [     ]
                       ↑                               
[     ]   [     ]   [     ]   [     ]   [     ]   [     ]
                       ↑         ↑                     
[  3  ]   [     ]   [  0  ] ← [  1  ] ⇄ [     ]   [     ]
                       ↓         ⇅                     
[  8  ] → [     ]   [     ]   [     ]   [     ]   [     ]
                                                       
[     ]   [     ]   [     ]   [     ]   [     ]   [     ]
--------------------------- cycle:56 ---------------------------
[     ]   [     ]   [     ]   [     ]   [     ]   [     ]
                                                       
[     ]   [     ] ← [     ]   [     ]   [     ]   [     ]
                       ↑                               
[     ]   [     ]   [     ]   [  9  ]   [     ]   [     ]
                                 ↓                     
[     ]   [     ]   [     ] ← [     ]   [  4  ]   [     ]
                                                       
[     ]   [     ] → [     ]   [  2  ]   [     ]   [     ]
                                                       
[     ]   [     ]   [     ]   [     ]   [     ]   [     ]
--------------------------- cycle:57 ---------------------------
[     ]   [     ]   [     ]   [     ]   [     ]   [     ]
                                                       
[     ] ⇄ [     ] → [     ]   [     ]   [     ]   [     ]
                       ↓                               
[     ]   [     ]   [     ]   [     ]   [     ]   [     ]
                                 ↑                     
[     ]   [     ] ← [     ]   [ 10  ]   [     ]   [     ]
                       ↑                               
[     ]   [     ] ← [     ]   [     ]   [     ]   [     ]
                                                       
[     ]   [     ]   [     ]   [     ]   [     ]   [     ]
--------------------------- cycle:58 ---------------------------
[     ]   [     ]   [     ]   [     ]   [     ]   [     ]
                                                       
[  5  ]   [     ]   [  6  ]   [     ]   [     ]   [     ]
                                                       
[     ]   [     ]   [  7  ]   [ 11  ]   [     ]   [     ]
                       ⇅         ↓                     
[     ] ← [     ]   [     ]   [     ]   [     ]   [     ]
   ↓                                                   
[     ] ← [     ]   [     ]   [     ]   [     ]   [     ]
                                                       
[     ]   [     ]   [     ]   [     ]   [     ]   [     ]
--------------------------- cycle:59 ---------------------------
[     ]   [     ]   [     ]   [     ]   [     ]   [     ]
                                                       
[     ]   [     ]   [     ]   [     ]   [     ]   [     ]
                       ↑                               
[     ]   [     ]   [     ]   [     ]   [     ]   [     ]
                       ↑         ↑                     
[  3  ]   [     ]   [  0  ] ← [  1  ] ⇄ [     ]   [     ]
                       ↓         ⇅                     
[  8  ] → [     ]   [     ]   [     ]   [     ]   [     ]
                                                       
[     ]   [     ]   [     ]   [     ]   [     ]   [     ]
--------------------------- cycle:60 ---------------------------
[     ]   [     ]   [     ]   [     ]   [     ]   [     ]
                                                       
[     ]   [     ] ← [     ]   [     ]   [     ]   [     ]
                       ↑                               
[     ]   [     ]   [     ]   [  9  ]   [     ]   [     ]
                                 ↓                     
[     ]   [     ]   [     ] ← [     ]   [  4  ]   [     ]
                                                       
[     ]   [     ] → [     ]   [  2  ]   [     ]   [     ]
                                                       
[     ]   [     ]   [     ]   [     ]   [     ]   [     ]
--------------------------- cycle:61 ---------------------------
[     ]   [     ]   [     ]   [     ]   [     ]   [     ]
                                                       
[     ] ⇄ [     ] → [     ]   [     ]   [     ]   [     ]
                       ↓                               
[     ]   [     ]   [     ]   [     ]   [     ]   [     ]
                                 ↑                     
[     ]   [     ] ← [     ]   [ 10  ]   [     ]   [     ]
                       ↑                               
[     ]   [     ] ← [     ]   [     ]   [     ]   [     ]
                                                       
[     ]   [     ]   [     ]   [     ]   [     ]   [     ]
--------------------------- cycle:62 ---------------------------
[     ]   [     ]   [     ]   [     ]   [     ]   [     ]
                                                       
[  5  ]   [     ]   [  6  ]   [     ]   [     ]   [     ]
                                                       
[     ]   [     ]   [  7  ]   [ 11  ]   [     ]   [     ]
                       ⇅         ↓                     
[     ] ← [     ]   [     ]   [     ]   [     ]   [     ]
   ↓                                                   
[     ] ← [     ]   [     ]   [     ]   [     ]   [     ]
                                                       
[     ]   [     ]   [     ]   [     ]   [     ]   [     ]
--------------------------- cycle:63 ---------------------------
[     ]   [     ]   [     ]   [     ]   [     ]   [     ]
                                                       
[     ]   [     ]   [     ]   [     ]   [     ]   [     ]
                       ↑                               
[     ]   [     ]   [     ]   [     ]   [     ]   [     ]
                       ↑         ↑                     
[  3  ]   [     ]   [  0  ] ← [  1  ] ⇄ [     ]   [     ]
                       ↓         ⇅                     
[  8  ] → [     ]   [     ]   [     ]   [     ]   [     ]
                                                       
[     ]   [     ]   [     ]   [     ]   [     ]   [     ]
--------------------------- cycle:64 ---------------------------
[     ]   [     ]   [     ]   [     ]   [     ]   [     ]
                                                       
[     ]   [     ] ← [     ]   [     ]   [     ]   [     ]
                       ↑                               
[     ]   [     ]   [     ]   [  9  ]   [     ]   [     ]
                                 ↓                     
[     ]   [     ]   [     ] ← [     ]   [  4  ]   [     ]
                                                       
[     ]   [     ] → [     ]   [  2  ]   [     ]   [     ]
                                                       
[     ]   [     ]   [     ]   [     ]   [     ]   [     ]
--------------------------- cycle:65 ---------------------------
[     ]   [     ]   [     ]   [     ]   [     ]   [     ]
                                                       
[     ] ⇄ [     ] → [     ]   [     ]   [     ]   [     ]
                       ↓                               
[     ]   [     ]   [     ]   [     ]   [     ]   [     ]
                                 ↑                     
[     ]   [     ] ← [     ]   [ 10  ]   [     ]   [     ]
                       ↑                               
[     ]   [     ] ← [     ]   [     ]   [     ]   [     ]
                                                       
[     ]   [     ]   [     ]   [     ]   [     ]   [     ]
--------------------------- cycle:66 ---------------------------
[     ]   [     ]   [     ]   [     ]   [     ]   [     ]
                                                       
[  5  ]   [     ]   [  6  ]   [     ]   [     ]   [     ]
                                                       
[     ]   [     ]   [  7  ]   [ 11  ]   [     ]   [     ]
                       ⇅         ↓                     
[     ] ← [     ]   [     ]   [     ]   [     ]   [     ]
   ↓                                                   
[     ] ← [     ]   [     ]   [     ]   [     ]   [     ]
                                                       
[     ]   [     ]   [     ]   [     ]   [     ]   [     ]
--------------------------- cycle:67 ---------------------------
[     ]   [     ]   [     ]   [     ]   [     ]   [     ]
                                                       
[     ]   [     ]   [     ]   [     ]   [     ]   [     ]
                       ↑                               
[     ]   [     ]   [     ]   [     ]   [     ]   [     ]
                       ↑         ↑                     
[  3  ]   [     ]   [  0  ] ← [  1  ] ⇄ [     ]   [     ]
                       ↓         ⇅                     
[  8  ] → [     ]   [     ]   [     ]   [     ]   [     ]
                                                       
[     ]   [     ]   [     ]   [     ]   [     ]   [     ]
--------------------------- cycle:68 ---------------------------
[     ]   [     ]   [     ]   [     ]   [     ]   [     ]
                                                       
[     ]   [     ] ← [     ]   [     ]   [     ]   [     ]
                       ↑                               
[     ]   [     ]   [     ]   [  9  ]   [     ]   [     ]
                                 ↓                     
[     ]   [     ]   [     ] ← [     ]   [  4  ]   [     ]
                                                       
[     ]   [     ] → [     ]   [  2  ]   [     ]   [     ]
                                                       
[     ]   [     ]   [     ]   [     ]   [     ]   [     ]
--------------------------- cycle:69 ---------------------------
[     ]   [     ]   [     ]   [     ]   [     ]   [     ]
                                                       
[     ] ⇄ [     ] → [     ]   [     ]   [     ]   [     ]
                       ↓                               
[     ]   [     ]   [     ]   [     ]   [     ]   [     ]
                                 ↑                     
[     ]   [     ] ← [     ]   [ 10  ]   [     ]   [     ]
                       ↑                               
[     ]   [     ] ← [     ]   [     ]   [     ]   [     ]
                                                       
[     ]   [     ]   [     ]   [     ]   [     ]   [     ]
--------------------------- cycle:70 ---------------------------
[     ]   [     ]   [     ]   [     ]   [     ]   [     ]
                                                       
[  5  ]   [     ]   [  6  ]   [     ]   [     ]   [     ]
                                                       
[     ]   [     ]   [  7  ]   [ 11  ]   [     ]   [     ]
                       ⇅         ↓                     
[     ] ← [     ]   [     ]   [     ]   [     ]   [     ]
   ↓                                                   
[     ] ← [     ]   [     ]   [     ]   [     ]   [     ]
                                                       
[     ]   [     ]   [     ]   [     ]   [     ]   [     ]
--------------------------- cycle:71 ---------------------------
[     ]   [     ]   [     ]   [     ]   [     ]   [     ]
                                                       
[     ]   [     ]   [     ]   [     ]   [     ]   [     ]
                       ↑                               
[     ]   [     ]   [     ]   [     ]   [     ]   [     ]
                       ↑         ↑                     
[  3  ]   [     ]   [  0  ] ← [  1  ] ⇄ [     ]   [     ]
                       ↓         ⇅                     
[  8  ] → [     ]   [     ]   [     ]   [     ]   [     ]
                                                       
[     ]   [     ]   [     ]   [     ]   [     ]   [     ]
--------------------------- cycle:72 ---------------------------
[     ]   [     ]   [     ]   [     ]   [     ]   [     ]
                                                       
[     ]   [     ] ← [     ]   [     ]   [     ]   [     ]
                       ↑                               
[     ]   [     ]   [     ]   [  9  ]   [     ]   [     ]
                                 ↓                     
[     ]   [     ]   [     ] ← [     ]   [  4  ]   [     ]
                                                       
[     ]   [     ] → [     ]   [  2  ]   [     ]   [     ]
                                                       
[     ]   [     ]   [     ]   [     ]   [     ]   [     ]
[Mapping II: 4]
[Mapping Success]
==================================
[ExpandableII: 4]
==================================
[Utilization & DVFS stats]
tile avg fu utilization: 53.5714%; avg xbar utilization: 82.1429%; avg overall utilization: 82.1429%
histogram 0% tile utilization: 22
histogram (0%, 25%] tile utilization: 1
histogram (25%, 50%] tile utilization: 3
histogram (50%, 100%] tile utilization: 10
tile 0 DVFS frequency level: 0%
tile 1 DVFS frequency level: 0%
tile 2 DVFS frequency level: 0%
tile 3 DVFS frequency level: 0%
tile 4 DVFS frequency level: 0%
tile 5 DVFS frequency level: 0%
tile 6 DVFS frequency level: 25%
tile 7 DVFS frequency level: 25%
tile 8 DVFS frequency level: 25%
tile 9 DVFS frequency level: 25%
tile 10 DVFS frequency level: 0%
tile 11 DVFS frequency level: 0%
tile 12 DVFS frequency level: 25%
tile 13 DVFS frequency level: 25%
tile 14 DVFS frequency level: 100%
tile 15 DVFS frequency level: 100%
tile 16 DVFS frequency level: 25%
tile 17 DVFS frequency level: 0%
tile 18 DVFS frequency level: 0%
tile 19 DVFS frequency level: 0%
tile 20 DVFS frequency level: 100%
tile 21 DVFS frequency level: 100%
tile 22 DVFS frequency level: 0%
tile 23 DVFS frequency level: 0%
tile 24 DVFS frequency level: 25%
tile 25 DVFS frequency level: 25%
tile 26 DVFS frequency level: 25%
tile 27 DVFS frequency level: 0%
tile 28 DVFS frequency level: 0%
tile 29 DVFS frequency level: 0%
tile 30 DVFS frequency level: 0%
tile 31 DVFS frequency level: 0%
tile 32 DVFS frequency level: 0%
tile 33 DVFS frequency level: 0%
tile 34 DVFS frequency level: 0%
tile 35 DVFS frequency level: 0%
tile average DVFS frequency level: 18.0556%
histogram 0% tile DVFS frequency ratio: 22
histogram 25% tile DVFS frequency ratio: 10
histogram 50% tile DVFS frequency ratio: 0
histogram 100% tile DVFS frequency ratio: 4
==================================
[DEBUG] inside roi for CGRA node 8...
[DEBUG] inside roi for CGRA node 25...
[DEBUG] inside roi for CGRA node 7...
[DEBUG] inside roi for CGRA node 13...
[DEBUG] inside roi for CGRA node 14...
[DEBUG] inside roi for CGRA node 6...
[DEBUG] inside roi for CGRA node 14...
[DEBUG] inside roi for CGRA node 15...
[DEBUG] inside roi for CGRA node 7...
[DEBUG] inside roi for CGRA node 15...
[DEBUG] inside roi for CGRA node 20...
[DEBUG] inside roi for CGRA node 26...
[DEBUG] inside roi for CGRA node 8...
[DEBUG] inside roi for CGRA node 25...
[Output Json]
[Output Json for Incremental Mapping]
==================================
BC5     b0$JYfmOQL   !    !       #AI29%bEBB28K
2BHp!#DAd CF 2B*(*1|\          2"	 d""ㄡLL83 	s`P! (@(L Q     R&  	rHyq`rhzt`6p`v !ڡ !܁A wxw(`ryhxrtrhsvr !a !ܡء!ءƁAҁ 8 wx6Hw0yhs6hpt !a @!āa svr wx6pppyhs6hpt !a `ܡȡڠ0p`y(pwhzpxHw86hpt A b!a ƁA@̡! < zy8r6x   !ʁ!Xq<`50|y`5hv6Xyr`5y(9`5<zprhqz Ρܡ! !̡! svr zrhyxs60vxp Pm X6 ,@ I     `&|;;6qhvHw|hspz`
 w z0rs m rpqs z0r w z`tv@mv@z`tpq xzvs z`trJ@4BVQ!_xP     A
#  @   
`0p     @P C           
`H=        @Hl(|(     .   2L	&GC A@A@A@Ip A?AA?@Cp A?AA$AP@A@O0 AA@AAAD?AA< A0AA?A@
v         3f=C8ÌByxsq 3BΡf0=C8=C==xtp{yHppzpvxp 0n0P3!!af0;;C9<<;v`{h7hrh7pp`v(vvxw_qry,0bȡ̡a!āa֐C9C9C9C98C8;/<;;ipXrpthx`ttS P@ P3 (A!܁fQ8C:;P$v`{h7`wxxQLP3ja!~!aT8;C=C9<C;;Ì
ywtz(r\P0#AfH;=8C9<9;<Hqv`qqX` 0 Pn00P0#a!!!!!f ;C=99XppwxzzHwp  y   B   rH C	r2H #D(d<12B!x /
ca  wchar_sizeUbuntu clang version 12.0.0-3ubuntu1~20.04.5floatomnipotent charSimple C++ TBAAllvm.loop.mustprogressllvm.loop.unroll.disable #10 #K2ŰH$3A1@8(33&(#6667:23Q%666427Q       
r(wzXpC=8C9ÂơA!!4`P @ Py(p`vxqz(rXp8;=        <;;=<C8   a   $   C,      tC,ɒЖ@ь  D@%* x!0z2P @ f 6  	      [ E m 20eh   !1      @ (       a   &   C,      %P@    D%* x  0n & <n0e@b     [ E m 2(eh$   !1  	    D p,8 "Y02a        q      2"HM     e  7         *      L      X       X             0      C   
                                         $               $                                                     ]         inputoutputcoefficientsmain_Z6kernelPfS_S_12.0.0x86_64-pc-linux-gnukernel.cpp       